"../../../Engine/Content/Maps/Templates/Thumbnails/Default.uasset" 0
"../../../Engine/Content/Maps/Templates/Thumbnails/Default.uexp" 1
"../../../Engine/Content/Maps/Templates/Thumbnails/TimeOfDay.uasset" 2
"../../../Engine/Content/Maps/Templates/Thumbnails/TimeOfDay.uexp" 3
"../../../Engine/Content/Maps/Templates/Thumbnails/VR-Basic.uasset" 4
"../../../Engine/Content/Maps/Templates/Thumbnails/VR-Basic.uexp" 5
"../../../Engine/Content/MobileResources/T_MobileControls_texture.uasset" 6
"../../../Engine/Content/MobileResources/T_MobileControls_texture.uexp" 7
"../../../Engine/Content/MobileResources/T_MobileMenu2.uasset" 8
"../../../Engine/Content/MobileResources/T_MobileMenu2.uexp" 9
"../../../Engine/Content/MobileResources/HUD/MobileHUDDirectionPad3.uasset" 10
"../../../Engine/Content/MobileResources/HUD/MobileHUDDirectionPad3.uexp" 11
"../../../Engine/Content/MobileResources/HUD/MobileHUDButton2_off.uasset" 12
"../../../Engine/Content/MobileResources/HUD/MobileHUDButton2_off.uexp" 13
"../../../Engine/Content/MobileResources/HUD/MobileHUDButton3.uasset" 14
"../../../Engine/Content/MobileResources/HUD/MobileHUDButton3.uexp" 15
"../../../Engine/Content/MobileResources/HUD/T_Castle_ThumbstickInner.uasset" 16
"../../../Engine/Content/MobileResources/HUD/T_Castle_ThumbstickInner.uexp" 17
"../../../Engine/Content/MobileResources/HUD/MobileHUDDirectionStick.uasset" 18
"../../../Engine/Content/MobileResources/HUD/MobileHUDDirectionStick.uexp" 19
"../../../Engine/Content/MobileResources/HUD/VirtualJoystick_Background.uasset" 20
"../../../Engine/Content/MobileResources/HUD/VirtualJoystick_Background.uexp" 21
"../../../Engine/Content/MobileResources/HUD/VirtualJoystick_Thumb.uasset" 22
"../../../Engine/Content/MobileResources/HUD/VirtualJoystick_Thumb.uexp" 23
"../../../Engine/Content/MobileResources/HUD/DefaultVirtualJoysticks.uasset" 24
"../../../Engine/Content/MobileResources/HUD/DefaultVirtualJoysticks.uexp" 25
"../../../Engine/Content/MobileResources/HUD/T_Castle_ThumbstickOutter.uasset" 26
"../../../Engine/Content/MobileResources/HUD/T_Castle_ThumbstickOutter.uexp" 27
"../../../Engine/Content/MobileResources/HUD/MobileHUDButton2_on.uasset" 28
"../../../Engine/Content/MobileResources/HUD/MobileHUDButton2_on.uexp" 29
"../../../Engine/Content/MobileResources/HUD/MobileHUDDirectionPad2.uasset" 30
"../../../Engine/Content/MobileResources/HUD/MobileHUDDirectionPad2.uexp" 31
"../../../Engine/Content/MobileResources/HUD/MobileHUDDirectionPad.uasset" 32
"../../../Engine/Content/MobileResources/HUD/MobileHUDDirectionPad.uexp" 33
"../../../Engine/Content/MobileResources/HUD/AnalogHat.uasset" 34
"../../../Engine/Content/MobileResources/HUD/AnalogHat.uexp" 35
"../../../Engine/Content/MobileResources/HUD/MobileHUDButton1_on.uasset" 36
"../../../Engine/Content/MobileResources/HUD/MobileHUDButton1_on.uexp" 37
"../../../Engine/Content/MobileResources/HUD/MobileHUDButtonFire.uasset" 38
"../../../Engine/Content/MobileResources/HUD/MobileHUDButtonFire.uexp" 39
"../../../Engine/Content/MobileResources/HUD/LeftVirtualJoystickOnly.uasset" 40
"../../../Engine/Content/MobileResources/HUD/LeftVirtualJoystickOnly.uexp" 41
"../../../Engine/Content/MobileResources/HUD/MobileHUDButton1_off.uasset" 42
"../../../Engine/Content/MobileResources/HUD/MobileHUDButton1_off.uexp" 43
"../../../Engine/Content/Tutorial/ContentIntroCurve.uasset" 44
"../../../Engine/Content/Tutorial/ContentIntroCurve.uexp" 45
"../../../Engine/Content/Tutorial/Basics/TutorialAssets/icon_tab_Levels_40x.uasset" 46
"../../../Engine/Content/Tutorial/Basics/TutorialAssets/icon_tab_Levels_40x.uexp" 47
"../../../Engine/Content/EngineResources/DefaultTextureCube.uasset" 48
"../../../Engine/Content/EngineResources/DefaultTextureCube.uexp" 49
"../../../Engine/Content/EngineResources/DefaultTexture.uasset" 50
"../../../Engine/Content/EngineResources/DefaultTexture.uexp" 51
"../../../Engine/Content/EngineResources/DefaultTexture.ubulk" 52
"../../../Engine/Content/EngineResources/Black.uasset" 53
"../../../Engine/Content/EngineResources/Black.uexp" 54
"../../../Engine/Content/EngineResources/DefaultVolumeTexture2D.uasset" 55
"../../../Engine/Content/EngineResources/DefaultVolumeTexture2D.uexp" 56
"../../../Engine/Content/EngineResources/DefaultVolumeTexture.uasset" 57
"../../../Engine/Content/EngineResources/DefaultVolumeTexture.uexp" 58
"../../../Engine/Content/EngineResources/StreamingPauseIcon.uasset" 59
"../../../Engine/Content/EngineResources/StreamingPauseIcon.uexp" 60
"../../../Engine/Content/EngineResources/M_StreamingPause.uasset" 61
"../../../Engine/Content/EngineResources/M_StreamingPause.uexp" 62
"../../../Engine/Content/EngineResources/GradientTexture0.uasset" 63
"../../../Engine/Content/EngineResources/GradientTexture0.uexp" 64
"../../../Engine/Content/EditorLandscapeResources/DataLayer.uasset" 65
"../../../Engine/Content/EditorLandscapeResources/DataLayer.uexp" 66
"../../../Engine/Content/EditorLandscapeResources/LandscapeGizmo_Mat.uasset" 67
"../../../Engine/Content/EditorLandscapeResources/LandscapeGizmo_Mat.uexp" 68
"../../../Engine/Content/EditorLandscapeResources/LandscapeGizmo_Mat_Copied.uasset" 69
"../../../Engine/Content/EditorLandscapeResources/LandscapeGizmo_Mat_Copied.uexp" 70
"../../../Engine/Content/EditorLandscapeResources/SplineEditorMeshMat.uasset" 71
"../../../Engine/Content/EditorLandscapeResources/SplineEditorMeshMat.uexp" 72
"../../../Engine/Content/EditorLandscapeResources/SplineEditorMesh.uasset" 73
"../../../Engine/Content/EditorLandscapeResources/SplineEditorMesh.uexp" 74
"../../../Engine/Content/EditorLandscapeResources/LandscapeGizmoHeight_Mat.uasset" 75
"../../../Engine/Content/EditorLandscapeResources/LandscapeGizmoHeight_Mat.uexp" 76
"../../../Engine/Content/EditorLandscapeResources/DefaultAlphaTexture.uasset" 77
"../../../Engine/Content/EditorLandscapeResources/DefaultAlphaTexture.uexp" 78
"../../../Engine/Content/EditorSounds/Notifications/CompileSuccess.uasset" 79
"../../../Engine/Content/EditorSounds/Notifications/CompileSuccess.uexp" 80
"../../../Engine/Content/EditorSounds/Notifications/CompileSuccess_Cue.uasset" 81
"../../../Engine/Content/EditorSounds/Notifications/CompileSuccess_Cue.uexp" 82
"../../../Engine/Content/EditorSounds/Notifications/CompileFailed.uasset" 83
"../../../Engine/Content/EditorSounds/Notifications/CompileFailed.uexp" 84
"../../../Engine/Content/EditorSounds/Notifications/CompileFailed_Cue.uasset" 85
"../../../Engine/Content/EditorSounds/Notifications/CompileFailed_Cue.uexp" 86
"../../../Engine/Content/EditorSounds/Notifications/CompileStart_Cue.uasset" 87
"../../../Engine/Content/EditorSounds/Notifications/CompileStart_Cue.uexp" 88
"../../../Engine/Content/EditorMeshes/EditorCube.uasset" 89
"../../../Engine/Content/EditorMeshes/EditorCube.uexp" 90
"../../../Engine/Content/EditorMeshes/EditorPlane.uasset" 91
"../../../Engine/Content/EditorMeshes/EditorPlane.uexp" 92
"../../../Engine/Content/EditorResources/MatineeCam_D.uasset" 93
"../../../Engine/Content/EditorResources/MatineeCam_D.uexp" 94
"../../../Engine/Content/EditorMaterials/MatineeCam_mat.uasset" 95
"../../../Engine/Content/EditorMaterials/MatineeCam_mat.uexp" 96
"../../../Engine/Content/EditorMeshes/MatineeCam_SM.uasset" 97
"../../../Engine/Content/EditorMeshes/MatineeCam_SM.uexp" 98
"../../../Engine/Content/EditorMeshes/EditorCylinder.uasset" 99
"../../../Engine/Content/EditorMeshes/EditorCylinder.uexp" 100
"../../../Engine/Content/EditorMaterials/Thumbnails/SkySphereMaterial.uasset" 101
"../../../Engine/Content/EditorMaterials/Thumbnails/SkySphereMaterial.uexp" 102
"../../../Engine/Content/EditorMeshes/EditorSkySphere.uasset" 103
"../../../Engine/Content/EditorMeshes/EditorSkySphere.uexp" 104
"../../../Engine/Content/EngineMaterials/T_Default_Material_Grid_N.uasset" 105
"../../../Engine/Content/EngineMaterials/T_Default_Material_Grid_N.uexp" 106
"../../../Engine/Content/EngineMaterials/T_Default_Material_Grid_N.ubulk" 107
"../../../Engine/Content/EngineMaterials/T_Default_Material_Grid_M.uasset" 108
"../../../Engine/Content/EngineMaterials/T_Default_Material_Grid_M.uexp" 109
"../../../Engine/Content/EngineMaterials/T_Default_Material_Grid_M.ubulk" 110
"../../../Engine/Content/Functions/Engine_MaterialFunctions01/Opacity/CameraDepthFade.uasset" 111
"../../../Engine/Content/Functions/Engine_MaterialFunctions01/Opacity/CameraDepthFade.uexp" 112
"../../../Engine/Content/EngineMaterials/WorldGridMaterial.uasset" 113
"../../../Engine/Content/EngineMaterials/WorldGridMaterial.uexp" 114
"../../../Engine/Content/EditorMeshes/PlanarReflectionPlane.uasset" 115
"../../../Engine/Content/EditorMeshes/PlanarReflectionPlane.uexp" 116
"../../../Engine/Content/EditorMeshes/EditorSphere.uasset" 117
"../../../Engine/Content/EditorMeshes/EditorSphere.uexp" 118
"../../../Engine/Content/EditorMaterials/Camera/CineMat.uasset" 119
"../../../Engine/Content/EditorMaterials/Camera/CineMat.uexp" 120
"../../../Engine/Content/EditorMaterials/Camera/MI_CineMat_Rig.uasset" 121
"../../../Engine/Content/EditorMaterials/Camera/MI_CineMat_Rig.uexp" 122
"../../../Engine/Content/EditorMeshes/Camera/SM_CraneRig_Body.uasset" 123
"../../../Engine/Content/EditorMeshes/Camera/SM_CraneRig_Body.uexp" 124
"../../../Engine/Content/EditorMeshes/Camera/SM_RailRig_Mount.uasset" 125
"../../../Engine/Content/EditorMeshes/Camera/SM_RailRig_Mount.uexp" 126
"../../../Engine/Content/EngineDebugMaterials/M_SimpleOpaque.uasset" 127
"../../../Engine/Content/EngineDebugMaterials/M_SimpleOpaque.uexp" 128
"../../../Engine/Content/EditorMaterials/Camera/MI_CineMat_CamViewFinder.uasset" 129
"../../../Engine/Content/EditorMaterials/Camera/MI_CineMat_CamViewFinder.uexp" 130
"../../../Engine/Content/EditorMaterials/Camera/MI_CineMat_CameraBody.uasset" 131
"../../../Engine/Content/EditorMaterials/Camera/MI_CineMat_CameraBody.uexp" 132
"../../../Engine/Content/EditorMeshes/Camera/SM_CineCam.uasset" 133
"../../../Engine/Content/EditorMeshes/Camera/SM_CineCam.uexp" 134
"../../../Engine/Content/EditorMeshes/Camera/SM_CraneRig_Base.uasset" 135
"../../../Engine/Content/EditorMeshes/Camera/SM_CraneRig_Base.uexp" 136
"../../../Engine/Content/EditorMeshes/Camera/SM_CraneRig_Mount.uasset" 137
"../../../Engine/Content/EditorMeshes/Camera/SM_CraneRig_Mount.uexp" 138
"../../../Engine/Content/EditorMeshes/Camera/SM_CraneRig_Arm.uasset" 139
"../../../Engine/Content/EditorMeshes/Camera/SM_CraneRig_Arm.uexp" 140
"../../../Engine/Content/EditorMeshes/Camera/SM_RailRig_Track.uasset" 141
"../../../Engine/Content/EditorMeshes/Camera/SM_RailRig_Track.uexp" 142
"../../../Engine/Content/EditorMeshes/ColorCalibrator/M_ChromeBall.uasset" 143
"../../../Engine/Content/EditorMeshes/ColorCalibrator/M_ChromeBall.uexp" 144
"../../../Engine/Content/EngineFonts/Faces/RobotoTiny.uasset" 145
"../../../Engine/Content/EngineFonts/Faces/RobotoTiny.uexp" 146
"../../../Engine/Content/EngineFonts/Faces/RobotoTiny.ufont" 147
"../../../Engine/Content/EngineFonts/Faces/DroidSansFallback.uasset" 148
"../../../Engine/Content/EngineFonts/Faces/DroidSansFallback.uexp" 149
"../../../Engine/Content/EngineFonts/Faces/DroidSansFallback.ufont" 150
"../../../Engine/Content/EngineFonts/RobotoTiny.uasset" 151
"../../../Engine/Content/EngineFonts/RobotoTiny.uexp" 152
"../../../Engine/Content/EngineFonts/SmallFont.uasset" 153
"../../../Engine/Content/EngineFonts/SmallFont.uexp" 154
"../../../Engine/Content/EngineFonts/Faces/RobotoRegular.uasset" 155
"../../../Engine/Content/EngineFonts/Faces/RobotoRegular.uexp" 156
"../../../Engine/Content/EngineFonts/Faces/RobotoRegular.ufont" 157
"../../../Engine/Content/EngineFonts/Faces/RobotoLight.uasset" 158
"../../../Engine/Content/EngineFonts/Faces/RobotoLight.uexp" 159
"../../../Engine/Content/EngineFonts/Faces/RobotoLight.ufont" 160
"../../../Engine/Content/EngineFonts/Faces/RobotoItalic.uasset" 161
"../../../Engine/Content/EngineFonts/Faces/RobotoItalic.uexp" 162
"../../../Engine/Content/EngineFonts/Faces/RobotoItalic.ufont" 163
"../../../Engine/Content/EngineFonts/Faces/RobotoBoldItalic.uasset" 164
"../../../Engine/Content/EngineFonts/Faces/RobotoBoldItalic.uexp" 165
"../../../Engine/Content/EngineFonts/Faces/RobotoBoldItalic.ufont" 166
"../../../Engine/Content/EngineFonts/Faces/RobotoBold.uasset" 167
"../../../Engine/Content/EngineFonts/Faces/RobotoBold.uexp" 168
"../../../Engine/Content/EngineFonts/Faces/RobotoBold.ufont" 169
"../../../Engine/Content/EngineFonts/Roboto.uasset" 170
"../../../Engine/Content/EngineFonts/Roboto.uexp" 171
"../../../Engine/Content/EngineFonts/TinyFont.uasset" 172
"../../../Engine/Content/EngineFonts/TinyFont.uexp" 173
"../../../Engine/Content/EngineDamageTypes/DmgTypeBP_Environmental.uasset" 174
"../../../Engine/Content/EngineDamageTypes/DmgTypeBP_Environmental.uexp" 175
"../../../Engine/Content/ArtTools/RenderToTexture/Meshes/S_1_Unit_Plane.uasset" 176
"../../../Engine/Content/ArtTools/RenderToTexture/Meshes/S_1_Unit_Plane.uexp" 177
"../../../Engine/Content/EngineMaterials/DefaultCalibrationGrayscale.uasset" 178
"../../../Engine/Content/EngineMaterials/DefaultCalibrationGrayscale.uexp" 179
"../../../Engine/Content/EngineMaterials/PPM_DefaultCalibrationGrayscale.uasset" 180
"../../../Engine/Content/EngineMaterials/PPM_DefaultCalibrationGrayscale.uexp" 181
"../../../Engine/Content/EngineResources/WhiteSquareTexture.uasset" 182
"../../../Engine/Content/EngineResources/WhiteSquareTexture.uexp" 183
"../../../Engine/Content/EngineMaterials/Widget3DPassThrough.uasset" 184
"../../../Engine/Content/EngineMaterials/Widget3DPassThrough.uexp" 185
"../../../Engine/Content/EngineMaterials/Widget3DPassThrough_Masked.uasset" 186
"../../../Engine/Content/EngineMaterials/Widget3DPassThrough_Masked.uexp" 187
"../../../Engine/Content/EngineMaterials/WeightMapPlaceholderTexture.uasset" 188
"../../../Engine/Content/EngineMaterials/WeightMapPlaceholderTexture.uexp" 189
"../../../Engine/Content/EngineMaterials/Widget3DPassThrough_Translucent.uasset" 190
"../../../Engine/Content/EngineMaterials/Widget3DPassThrough_Translucent.uexp" 191
"../../../Engine/Content/EngineMaterials/Widget3DPassThrough_Translucent_OneSided.uasset" 192
"../../../Engine/Content/EngineMaterials/Widget3DPassThrough_Translucent_OneSided.uexp" 193
"../../../Engine/Content/EngineMaterials/PaperDiffuse.uasset" 194
"../../../Engine/Content/EngineMaterials/PaperDiffuse.uexp" 195
"../../../Engine/Content/EngineMaterials/BlinkingCaret.uasset" 196
"../../../Engine/Content/EngineMaterials/BlinkingCaret.uexp" 197
"../../../Engine/Content/EngineMaterials/DefaultCalibrationColor.uasset" 198
"../../../Engine/Content/EngineMaterials/DefaultCalibrationColor.uexp" 199
"../../../Engine/Content/EngineMaterials/PPM_DefaultCalibrationColor.uasset" 200
"../../../Engine/Content/EngineMaterials/PPM_DefaultCalibrationColor.uexp" 201
"../../../Engine/Content/EngineMaterials/EditorBrushMaterial.uasset" 202
"../../../Engine/Content/EngineMaterials/EditorBrushMaterial.uexp" 203
"../../../Engine/Content/EngineMaterials/PaperNormal.uasset" 204
"../../../Engine/Content/EngineMaterials/PaperNormal.uexp" 205
"../../../Engine/Content/Functions/Engine_MaterialFunctions02/WorldPositionOffset/CameraOffset.uasset" 206
"../../../Engine/Content/Functions/Engine_MaterialFunctions02/WorldPositionOffset/CameraOffset.uexp" 207
"../../../Engine/Content/EngineMaterials/PhAT_JointLimitMaterial.uasset" 208
"../../../Engine/Content/EngineMaterials/PhAT_JointLimitMaterial.uexp" 209
"../../../Engine/Content/EngineMaterials/GizmoMaterial.uasset" 210
"../../../Engine/Content/EngineMaterials/GizmoMaterial.uexp" 211
"../../../Engine/Content/EngineMaterials/DefaultNormal.uasset" 212
"../../../Engine/Content/EngineMaterials/DefaultNormal.uexp" 213
"../../../Engine/Content/EngineMaterials/DefaultNormal.ubulk" 214
"../../../Engine/Content/Functions/Engine_MaterialFunctions02/Utility/BreakOutFloat2Components.uasset" 215
"../../../Engine/Content/Functions/Engine_MaterialFunctions02/Utility/BreakOutFloat2Components.uexp" 216
"../../../Engine/Content/EngineMaterials/HighResScreenshotCaptureRegion.uasset" 217
"../../../Engine/Content/EngineMaterials/HighResScreenshotCaptureRegion.uexp" 218
"../../../Engine/Content/EngineMaterials/LandscapeHolePhysicalMaterial.uasset" 219
"../../../Engine/Content/EngineMaterials/LandscapeHolePhysicalMaterial.uexp" 220
"../../../Engine/Content/EngineMaterials/BlueNoise.uasset" 221
"../../../Engine/Content/EngineMaterials/BlueNoise.uexp" 222
"../../../Engine/Content/EngineMaterials/DefaultWhiteGrid_Low.uasset" 223
"../../../Engine/Content/EngineMaterials/DefaultWhiteGrid_Low.uexp" 224
"../../../Engine/Content/EngineMaterials/EmissiveMeshMaterial.uasset" 225
"../../../Engine/Content/EngineMaterials/EmissiveMeshMaterial.uexp" 226
"../../../Engine/Content/EngineMaterials/Widget3DPassThrough_Opaque.uasset" 227
"../../../Engine/Content/EngineMaterials/Widget3DPassThrough_Opaque.uexp" 228
"../../../Engine/Content/EngineMaterials/Widget3DPassThrough_Masked_OneSided.uasset" 229
"../../../Engine/Content/EngineMaterials/Widget3DPassThrough_Masked_OneSided.uexp" 230
"../../../Engine/Content/EngineMaterials/Good64x64TilingNoiseHighFreq.uasset" 231
"../../../Engine/Content/EngineMaterials/Good64x64TilingNoiseHighFreq.uexp" 232
"../../../Engine/Content/EngineMaterials/DefaultBloomKernel.uasset" 233
"../../../Engine/Content/EngineMaterials/DefaultBloomKernel.uexp" 234
"../../../Engine/Content/EngineMaterials/HighResolutionScreenshotMaskFunction.uasset" 235
"../../../Engine/Content/EngineMaterials/HighResolutionScreenshotMaskFunction.uexp" 236
"../../../Engine/Content/EngineMaterials/HighResScreenshot.uasset" 237
"../../../Engine/Content/EngineMaterials/HighResScreenshot.uexp" 238
"../../../Engine/Content/EngineMaterials/RemoveSurfaceMaterial.uasset" 239
"../../../Engine/Content/EngineMaterials/RemoveSurfaceMaterial.uexp" 240
"../../../Engine/Content/EngineMaterials/DefaultDiffuse.uasset" 241
"../../../Engine/Content/EngineMaterials/DefaultDiffuse.uexp" 242
"../../../Engine/Content/EngineMaterials/DefaultDiffuse.ubulk" 243
"../../../Engine/Content/EngineMaterials/DefaultDeferredDecalMaterial.uasset" 244
"../../../Engine/Content/EngineMaterials/DefaultDeferredDecalMaterial.uexp" 245
"../../../Engine/Content/EngineMaterials/DefaultPostProcessMaterial.uasset" 246
"../../../Engine/Content/EngineMaterials/DefaultPostProcessMaterial.uexp" 247
"../../../Engine/Content/Functions/Engine_MaterialFunctions02/Utility/BreakOutFloat3Components.uasset" 248
"../../../Engine/Content/Functions/Engine_MaterialFunctions02/Utility/BreakOutFloat3Components.uexp" 249
"../../../Engine/Content/Functions/Engine_MaterialFunctions02/Utility/MakeFloat3.uasset" 250
"../../../Engine/Content/Functions/Engine_MaterialFunctions02/Utility/MakeFloat3.uexp" 251
"../../../Engine/Content/Functions/Engine_MaterialFunctions01/ImageAdjustment/sRGBToLinear.uasset" 252
"../../../Engine/Content/Functions/Engine_MaterialFunctions01/ImageAdjustment/sRGBToLinear.uexp" 253
"../../../Engine/Content/EngineMaterials/Widget3DCameraPassThrough_Opaque_OneSided.uasset" 254
"../../../Engine/Content/EngineMaterials/Widget3DCameraPassThrough_Opaque_OneSided.uexp" 255
"../../../Engine/Content/EngineMaterials/BaseFlattenNormalMap.uasset" 256
"../../../Engine/Content/EngineMaterials/BaseFlattenNormalMap.uexp" 257
"../../../Engine/Content/EngineMaterials/BaseFlattenEmissiveMap.uasset" 258
"../../../Engine/Content/EngineMaterials/BaseFlattenEmissiveMap.uexp" 259
"../../../Engine/Content/EngineMaterials/BaseFlattenGrayscaleMap.uasset" 260
"../../../Engine/Content/EngineMaterials/BaseFlattenGrayscaleMap.uexp" 261
"../../../Engine/Content/EngineMaterials/BaseFlattenDiffuseMap.uasset" 262
"../../../Engine/Content/EngineMaterials/BaseFlattenDiffuseMap.uexp" 263
"../../../Engine/Content/EngineMaterials/BaseFlattenMaterial.uasset" 264
"../../../Engine/Content/EngineMaterials/BaseFlattenMaterial.uexp" 265
"../../../Engine/Content/EngineMaterials/InvalidLightmapSettings.uasset" 266
"../../../Engine/Content/EngineMaterials/InvalidLightmapSettings.uexp" 267
"../../../Engine/Content/EngineMaterials/InvalidLightmapSettings.ubulk" 268
"../../../Engine/Content/EngineMaterials/M_InvalidLightmapSettings.uasset" 269
"../../../Engine/Content/EngineMaterials/M_InvalidLightmapSettings.uexp" 270
"../../../Engine/Content/EngineMaterials/HighResScreenshotMask.uasset" 271
"../../../Engine/Content/EngineMaterials/HighResScreenshotMask.uexp" 272
"../../../Engine/Content/EngineFonts/RobotoDistanceField.uasset" 273
"../../../Engine/Content/EngineFonts/RobotoDistanceField.uexp" 274
"../../../Engine/Content/EngineMaterials/DefaultTextMaterialOpaque.uasset" 275
"../../../Engine/Content/EngineMaterials/DefaultTextMaterialOpaque.uexp" 276
"../../../Engine/Content/EngineMaterials/PreintegratedSkinBRDF.uasset" 277
"../../../Engine/Content/EngineMaterials/PreintegratedSkinBRDF.uexp" 278
"../../../Engine/Content/EngineMaterials/Widget3DPassThrough_Opaque_OneSided.uasset" 279
"../../../Engine/Content/EngineMaterials/Widget3DPassThrough_Opaque_OneSided.uexp" 280
"../../../Engine/Content/EngineMaterials/PhysMat_Rubber.uasset" 281
"../../../Engine/Content/EngineMaterials/PhysMat_Rubber.uexp" 282
"../../../Engine/Content/EngineMaterials/DefaultBokeh.uasset" 283
"../../../Engine/Content/EngineMaterials/DefaultBokeh.uexp" 284
"../../../Engine/Content/EngineMaterials/DefaultLightFunctionMaterial.uasset" 285
"../../../Engine/Content/EngineMaterials/DefaultLightFunctionMaterial.uexp" 286
"../../../Engine/Content/EngineMaterials/Grid_N.uasset" 287
"../../../Engine/Content/EngineMaterials/Grid_N.uexp" 288
"../../../Engine/Content/EngineMaterials/Grid_N.ubulk" 289
"../../../Engine/Content/EngineDebugMaterials/DebugEditorMaterial.uasset" 290
"../../../Engine/Content/EngineDebugMaterials/DebugEditorMaterial.uexp" 291
"../../../Engine/Content/Functions/Engine_MaterialFunctions01/Shading/ConvertFromDiffSpec.uasset" 292
"../../../Engine/Content/Functions/Engine_MaterialFunctions01/Shading/ConvertFromDiffSpec.uexp" 293
"../../../Engine/Content/EngineDebugMaterials/VertexColorMaterial.uasset" 294
"../../../Engine/Content/EngineDebugMaterials/VertexColorMaterial.uexp" 295
"../../../Engine/Content/EngineDebugMaterials/GeomMaterial.uasset" 296
"../../../Engine/Content/EngineDebugMaterials/GeomMaterial.uexp" 297
"../../../Engine/Content/EngineDebugMaterials/WireframeMaterial.uasset" 298
"../../../Engine/Content/EngineDebugMaterials/WireframeMaterial.uexp" 299
"../../../Engine/Content/EngineDebugMaterials/HeatmapGradient.uasset" 300
"../../../Engine/Content/EngineDebugMaterials/HeatmapGradient.uexp" 301
"../../../Engine/Content/EngineDebugMaterials/HeatmapGradient.ubulk" 302
"../../../Engine/Content/EngineDebugMaterials/BoneWeightMaterial.uasset" 303
"../../../Engine/Content/EngineDebugMaterials/BoneWeightMaterial.uexp" 304
"../../../Engine/Content/Functions/Engine_MaterialFunctions02/Utility/CameraDirectionVector.uasset" 305
"../../../Engine/Content/Functions/Engine_MaterialFunctions02/Utility/CameraDirectionVector.uexp" 306
"../../../Engine/Content/EngineDebugMaterials/VolumeToRender.uasset" 307
"../../../Engine/Content/EngineDebugMaterials/VolumeToRender.uexp" 308
"../../../Engine/Content/EngineDebugMaterials/M_VolumeRenderSphereTracePP.uasset" 309
"../../../Engine/Content/EngineDebugMaterials/M_VolumeRenderSphereTracePP.uexp" 310
"../../../Engine/Content/EngineDebugMaterials/VertexColorViewMode_BlueOnly.uasset" 311
"../../../Engine/Content/EngineDebugMaterials/VertexColorViewMode_BlueOnly.uexp" 312
"../../../Engine/Content/EngineDebugMaterials/LevelColorationLitMaterial.uasset" 313
"../../../Engine/Content/EngineDebugMaterials/LevelColorationLitMaterial.uexp" 314
"../../../Engine/Content/EngineDebugMaterials/VertexColorViewMode_AlphaAsColor.uasset" 315
"../../../Engine/Content/EngineDebugMaterials/VertexColorViewMode_AlphaAsColor.uexp" 316
"../../../Engine/Content/EngineDebugMaterials/VertexColorViewMode_RedOnly.uasset" 317
"../../../Engine/Content/EngineDebugMaterials/VertexColorViewMode_RedOnly.uexp" 318
"../../../Engine/Content/EngineDebugMaterials/ShadedLevelColorationUnlitMateri.uasset" 319
"../../../Engine/Content/EngineDebugMaterials/ShadedLevelColorationUnlitMateri.uexp" 320
"../../../Engine/Content/EngineDebugMaterials/ClothMaterial.uasset" 321
"../../../Engine/Content/EngineDebugMaterials/ClothMaterial.uexp" 322
"../../../Engine/Content/EngineDebugMaterials/ClothMaterial_WF.uasset" 323
"../../../Engine/Content/EngineDebugMaterials/ClothMaterial_WF.uexp" 324
"../../../Engine/Content/EngineDebugMaterials/PhysicalMaterialMaskMaterial.uasset" 325
"../../../Engine/Content/EngineDebugMaterials/PhysicalMaterialMaskMaterial.uexp" 326
"../../../Engine/Content/EngineDebugMaterials/M_SimpleUnlitTranslucent.uasset" 327
"../../../Engine/Content/EngineDebugMaterials/M_SimpleUnlitTranslucent.uexp" 328
"../../../Engine/Content/EngineDebugMaterials/VertexColorViewMode_GreenOnly.uasset" 329
"../../../Engine/Content/EngineDebugMaterials/VertexColorViewMode_GreenOnly.uexp" 330
"../../../Engine/Content/EngineMaterials/DefaultWhiteGrid.uasset" 331
"../../../Engine/Content/EngineMaterials/DefaultWhiteGrid.uexp" 332
"../../../Engine/Content/EngineMaterials/DefaultWhiteGrid.ubulk" 333
"../../../Engine/Content/EngineDebugMaterials/MAT_LevelColorationLitLightmapUV.uasset" 334
"../../../Engine/Content/EngineDebugMaterials/MAT_LevelColorationLitLightmapUV.uexp" 335
"../../../Engine/Content/EngineDebugMaterials/DebugMeshMaterial.uasset" 336
"../../../Engine/Content/EngineDebugMaterials/DebugMeshMaterial.uexp" 337
"../../../Engine/Content/EngineDebugMaterials/VertexColorViewMode_ColorOnly.uasset" 338
"../../../Engine/Content/EngineDebugMaterials/VertexColorViewMode_ColorOnly.uexp" 339
"../../../Engine/Content/EngineDebugMaterials/LevelColorationUnlitMaterial.uasset" 340
"../../../Engine/Content/EngineDebugMaterials/LevelColorationUnlitMaterial.uexp" 341
"../../../Engine/Content/EngineDebugMaterials/ShadedLevelColorationLitMaterial.uasset" 342
"../../../Engine/Content/EngineDebugMaterials/ShadedLevelColorationLitMaterial.uexp" 343
"../../../Engine/Content/EditorResources/S_Emitter.uasset" 344
"../../../Engine/Content/EditorResources/S_Emitter.uexp" 345
"../../../Engine/Content/EditorResources/S_Emitter.ubulk" 346
"../../../Engine/Content/EditorResources/S_LevelSequence.uasset" 347
"../../../Engine/Content/EditorResources/S_LevelSequence.uexp" 348
"../../../Engine/Content/EditorResources/S_LevelSequence.ubulk" 349
"../../../Engine/Content/EditorResources/S_Thruster.uasset" 350
"../../../Engine/Content/EditorResources/S_Thruster.uexp" 351
"../../../Engine/Content/EditorResources/S_Thruster.ubulk" 352
"../../../Engine/Content/EditorResources/S_WindDirectional.uasset" 353
"../../../Engine/Content/EditorResources/S_WindDirectional.uexp" 354
"../../../Engine/Content/EditorResources/S_WindDirectional.ubulk" 355
"../../../Engine/Content/EditorResources/S_KBSJoint.uasset" 356
"../../../Engine/Content/EditorResources/S_KBSJoint.uexp" 357
"../../../Engine/Content/EditorResources/S_KBSJoint.ubulk" 358
"../../../Engine/Content/EditorResources/S_ReflActorIcon.uasset" 359
"../../../Engine/Content/EditorResources/S_ReflActorIcon.uexp" 360
"../../../Engine/Content/EditorResources/S_ReflActorIcon.ubulk" 361
"../../../Engine/Content/EditorResources/Bad.uasset" 362
"../../../Engine/Content/EditorResources/Bad.uexp" 363
"../../../Engine/Content/EditorResources/Bad.ubulk" 364
"../../../Engine/Content/EditorResources/S_SkyAtmosphere.uasset" 365
"../../../Engine/Content/EditorResources/S_SkyAtmosphere.uexp" 366
"../../../Engine/Content/EditorResources/S_SkyAtmosphere.ubulk" 367
"../../../Engine/Content/EditorResources/S_DecalActorIcon.uasset" 368
"../../../Engine/Content/EditorResources/S_DecalActorIcon.uexp" 369
"../../../Engine/Content/EditorResources/S_DecalActorIcon.ubulk" 370
"../../../Engine/Content/EditorResources/SmallFont.uasset" 371
"../../../Engine/Content/EditorResources/SmallFont.uexp" 372
"../../../Engine/Content/EditorResources/S_Player.uasset" 373
"../../../Engine/Content/EditorResources/S_Player.uexp" 374
"../../../Engine/Content/EditorResources/S_Player.ubulk" 375
"../../../Engine/Content/EditorResources/S_KPrismatic.uasset" 376
"../../../Engine/Content/EditorResources/S_KPrismatic.uexp" 377
"../../../Engine/Content/EditorResources/S_KPrismatic.ubulk" 378
"../../../Engine/Content/EditorResources/S_Note.uasset" 379
"../../../Engine/Content/EditorResources/S_Note.uexp" 380
"../../../Engine/Content/EditorResources/S_Note.ubulk" 381
"../../../Engine/Content/EditorResources/S_VectorFieldVol.uasset" 382
"../../../Engine/Content/EditorResources/S_VectorFieldVol.uexp" 383
"../../../Engine/Content/EditorResources/S_VectorFieldVol.ubulk" 384
"../../../Engine/Content/EditorResources/S_CameraShakeSource.uasset" 385
"../../../Engine/Content/EditorResources/S_CameraShakeSource.uexp" 386
"../../../Engine/Content/EditorResources/S_Solver.uasset" 387
"../../../Engine/Content/EditorResources/S_Solver.uexp" 388
"../../../Engine/Content/EditorResources/S_Solver.ubulk" 389
"../../../Engine/Content/EditorResources/S_NavP.uasset" 390
"../../../Engine/Content/EditorResources/S_NavP.uexp" 391
"../../../Engine/Content/EditorResources/S_NavP.ubulk" 392
"../../../Engine/Content/EditorResources/S_KHinge.uasset" 393
"../../../Engine/Content/EditorResources/S_KHinge.uexp" 394
"../../../Engine/Content/EditorResources/S_KHinge.ubulk" 395
"../../../Engine/Content/EditorResources/S_ExpoHeightFog.uasset" 396
"../../../Engine/Content/EditorResources/S_ExpoHeightFog.uexp" 397
"../../../Engine/Content/EditorResources/S_ExpoHeightFog.ubulk" 398
"../../../Engine/Content/EditorResources/S_FTest.uasset" 399
"../../../Engine/Content/EditorResources/S_FTest.uexp" 400
"../../../Engine/Content/EditorResources/S_PortalActorIcon2.uasset" 401
"../../../Engine/Content/EditorResources/S_PortalActorIcon2.uexp" 402
"../../../Engine/Content/EditorResources/S_PortalActorIcon2.ubulk" 403
"../../../Engine/Content/EditorResources/SceneManager.uasset" 404
"../../../Engine/Content/EditorResources/SceneManager.uexp" 405
"../../../Engine/Content/EditorResources/SceneManager.ubulk" 406
"../../../Engine/Content/EditorResources/S_TextRenderActorIcon.uasset" 407
"../../../Engine/Content/EditorResources/S_TextRenderActorIcon.uexp" 408
"../../../Engine/Content/EditorResources/S_TextRenderActorIcon.ubulk" 409
"../../../Engine/Content/EditorResources/S_RadForce.uasset" 410
"../../../Engine/Content/EditorResources/S_RadForce.uexp" 411
"../../../Engine/Content/EditorResources/S_RadForce.ubulk" 412
"../../../Engine/Content/EditorResources/S_Terrain.uasset" 413
"../../../Engine/Content/EditorResources/S_Terrain.uexp" 414
"../../../Engine/Content/EditorResources/S_Terrain.ubulk" 415
"../../../Engine/Content/EditorResources/S_Trigger.uasset" 416
"../../../Engine/Content/EditorResources/S_Trigger.uexp" 417
"../../../Engine/Content/EditorResources/S_Trigger.ubulk" 418
"../../../Engine/Content/EditorResources/S_VolumetricCloud.uasset" 419
"../../../Engine/Content/EditorResources/S_VolumetricCloud.uexp" 420
"../../../Engine/Content/EditorResources/S_VolumetricCloud.ubulk" 421
"../../../Engine/Content/EditorResources/S_Actor.uasset" 422
"../../../Engine/Content/EditorResources/S_Actor.uexp" 423
"../../../Engine/Content/EditorResources/S_Actor.ubulk" 424
"../../../Engine/Content/EditorResources/EmptyActor.uasset" 425
"../../../Engine/Content/EditorResources/EmptyActor.uexp" 426
"../../../Engine/Content/EditorResources/BSPVertex.uasset" 427
"../../../Engine/Content/EditorResources/BSPVertex.uexp" 428
"../../../Engine/Content/EditorResources/MatInstActSprite.uasset" 429
"../../../Engine/Content/EditorResources/MatInstActSprite.uexp" 430
"../../../Engine/Content/EditorResources/MatInstActSprite.ubulk" 431
"../../../Engine/Content/EditorResources/SequenceRecorder/Countdown.uasset" 432
"../../../Engine/Content/EditorResources/SequenceRecorder/Countdown.uexp" 433
"../../../Engine/Content/EditorResources/SequenceRecorder/RecordingIndicator.uasset" 434
"../../../Engine/Content/EditorResources/SequenceRecorder/RecordingIndicator.uexp" 435
"../../../Engine/Content/EditorResources/AI/S_NavLink.uasset" 436
"../../../Engine/Content/EditorResources/AI/S_NavLink.uexp" 437
"../../../Engine/Content/EditorResources/Spline/T_Loft_Spline.uasset" 438
"../../../Engine/Content/EditorResources/Spline/T_Loft_Spline.uexp" 439
"../../../Engine/Content/EditorResources/LightIcons/S_LightError.uasset" 440
"../../../Engine/Content/EditorResources/LightIcons/S_LightError.uexp" 441
"../../../Engine/Content/EditorResources/LightIcons/S_LightSpot.uasset" 442
"../../../Engine/Content/EditorResources/LightIcons/S_LightSpot.uexp" 443
"../../../Engine/Content/EditorResources/LightIcons/S_LightSpotMove.uasset" 444
"../../../Engine/Content/EditorResources/LightIcons/S_LightSpotMove.uexp" 445
"../../../Engine/Content/EditorResources/LightIcons/SkyLight.uasset" 446
"../../../Engine/Content/EditorResources/LightIcons/SkyLight.uexp" 447
"../../../Engine/Content/EditorResources/LightIcons/S_LightPoint.uasset" 448
"../../../Engine/Content/EditorResources/LightIcons/S_LightPoint.uexp" 449
"../../../Engine/Content/EditorResources/LightIcons/S_LightPointMove.uasset" 450
"../../../Engine/Content/EditorResources/LightIcons/S_LightPointMove.uexp" 451
"../../../Engine/Content/EditorResources/LightIcons/S_LightDirectional.uasset" 452
"../../../Engine/Content/EditorResources/LightIcons/S_LightDirectional.uexp" 453
"../../../Engine/Content/EditorResources/LightIcons/S_LightDirectionalMove.uasset" 454
"../../../Engine/Content/EditorResources/LightIcons/S_LightDirectionalMove.uexp" 455
"../../../Engine/Content/EngineMaterials/DefaultMaterial.uasset" 456
"../../../Engine/Content/EngineMaterials/DefaultMaterial.uexp" 457
"../../../Engine/Content/BasicShapes/Cone.uasset" 458
"../../../Engine/Content/BasicShapes/Cone.uexp" 459
"../../../Engine/Content/BasicShapes/Cube.uasset" 460
"../../../Engine/Content/BasicShapes/Cube.uexp" 461
"../../../Engine/Content/BasicShapes/Plane.uasset" 462
"../../../Engine/Content/BasicShapes/Plane.uexp" 463
"../../../Engine/Content/BasicShapes/Sphere.uasset" 464
"../../../Engine/Content/BasicShapes/Sphere.uexp" 465
"../../../Engine/Content/Functions/Engine_MaterialFunctions01/Texturing/ScaleUVsByCenter.uasset" 466
"../../../Engine/Content/Functions/Engine_MaterialFunctions01/Texturing/ScaleUVsByCenter.uexp" 467
"../../../Engine/Content/Functions/Engine_MaterialFunctions02/Utility/MakeFloat2.uasset" 468
"../../../Engine/Content/Functions/Engine_MaterialFunctions02/Utility/MakeFloat2.uexp" 469
"../../../Engine/Content/Functions/Engine_MaterialFunctions02/ScreenResolution.uasset" 470
"../../../Engine/Content/Functions/Engine_MaterialFunctions02/ScreenResolution.uexp" 471
"../../../Engine/Content/Functions/Engine_MaterialFunctions02/Texturing/ScreenAlignedUVs.uasset" 472
"../../../Engine/Content/Functions/Engine_MaterialFunctions02/Texturing/ScreenAlignedUVs.uexp" 473
"../../../Engine/Content/EngineMaterials/MiniFont.uasset" 474
"../../../Engine/Content/EngineMaterials/MiniFont.uexp" 475
"../../../Engine/Content/BufferVisualization/CustomStencil.uasset" 476
"../../../Engine/Content/BufferVisualization/CustomStencil.uexp" 477
"../../../Engine/Content/BufferVisualization/LightingModel.uasset" 478
"../../../Engine/Content/BufferVisualization/LightingModel.uexp" 479
"../../../Engine/Content/BufferVisualization/SubsurfaceColor.uasset" 480
"../../../Engine/Content/BufferVisualization/SubsurfaceColor.uexp" 481
"../../../Engine/Content/BufferVisualization/WorldNormal.uasset" 482
"../../../Engine/Content/BufferVisualization/WorldNormal.uexp" 483
"../../../Engine/Content/Functions/Engine_MaterialFunctions02/Utility/VectorLength.uasset" 484
"../../../Engine/Content/Functions/Engine_MaterialFunctions02/Utility/VectorLength.uexp" 485
"../../../Engine/Content/BufferVisualization/SceneDepthWorldUnits.uasset" 486
"../../../Engine/Content/BufferVisualization/SceneDepthWorldUnits.uexp" 487
"../../../Engine/Content/BufferVisualization/Opacity.uasset" 488
"../../../Engine/Content/BufferVisualization/Opacity.uexp" 489
"../../../Engine/Content/BufferVisualization/SeparateTranslucencyRGB.uasset" 490
"../../../Engine/Content/BufferVisualization/SeparateTranslucencyRGB.uexp" 491
"../../../Engine/Content/BufferVisualization/BaseColor.uasset" 492
"../../../Engine/Content/BufferVisualization/BaseColor.uexp" 493
"../../../Engine/Content/BufferVisualization/Metallic.uasset" 494
"../../../Engine/Content/BufferVisualization/Metallic.uexp" 495
"../../../Engine/Content/BufferVisualization/Velocity.uasset" 496
"../../../Engine/Content/BufferVisualization/Velocity.uexp" 497
"../../../Engine/Content/BufferVisualization/MaterialAO.uasset" 498
"../../../Engine/Content/BufferVisualization/MaterialAO.uexp" 499
"../../../Engine/Content/BufferVisualization/SeparateTranslucencyA.uasset" 500
"../../../Engine/Content/BufferVisualization/SeparateTranslucencyA.uexp" 501
"../../../Engine/Content/BufferVisualization/SceneDepth.uasset" 502
"../../../Engine/Content/BufferVisualization/SceneDepth.uexp" 503
"../../../Engine/Content/BufferVisualization/WorldTangent.uasset" 504
"../../../Engine/Content/BufferVisualization/WorldTangent.uexp" 505
"../../../Engine/Content/BufferVisualization/Specular.uasset" 506
"../../../Engine/Content/BufferVisualization/Specular.uexp" 507
"../../../Engine/Content/Functions/Engine_MaterialFunctions02/Utility/AppendMany.uasset" 508
"../../../Engine/Content/Functions/Engine_MaterialFunctions02/Utility/AppendMany.uexp" 509
"../../../Engine/Content/BufferVisualization/Anisotropy.uasset" 510
"../../../Engine/Content/BufferVisualization/Anisotropy.uexp" 511
"../../../Engine/Content/BufferVisualization/PostTonemapHDRColor.uasset" 512
"../../../Engine/Content/BufferVisualization/PostTonemapHDRColor.uexp" 513
"../../../Engine/Content/BufferVisualization/SceneColor.uasset" 514
"../../../Engine/Content/BufferVisualization/SceneColor.uexp" 515
"../../../Engine/Content/BufferVisualization/PreTonemapHDRColor.uasset" 516
"../../../Engine/Content/BufferVisualization/PreTonemapHDRColor.uexp" 517
"../../../Engine/Content/BufferVisualization/FinalImage.uasset" 518
"../../../Engine/Content/BufferVisualization/FinalImage.uexp" 519
"../../../Engine/Content/EngineMaterials/DefaultPhysicalMaterial.uasset" 520
"../../../Engine/Content/EngineMaterials/DefaultPhysicalMaterial.uexp" 521
"../../../Engine/Content/BufferVisualization/AmbientOcclusion.uasset" 522
"../../../Engine/Content/BufferVisualization/AmbientOcclusion.uexp" 523
"../../../Engine/Content/BufferVisualization/CustomDepth.uasset" 524
"../../../Engine/Content/BufferVisualization/CustomDepth.uexp" 525
"../../../Engine/Content/BufferVisualization/Roughness.uasset" 526
"../../../Engine/Content/BufferVisualization/Roughness.uexp" 527
"../../../Engine/Content/BufferVisualization/CustomDepthWorldUnits.uasset" 528
"../../../Engine/Content/BufferVisualization/CustomDepthWorldUnits.uexp" 529
"../../../Engine/Content/Functions/Engine_MaterialFunctions01/Shading/PowerToRoughness.uasset" 530
"../../../Engine/Content/Functions/Engine_MaterialFunctions01/Shading/PowerToRoughness.uexp" 531
"../../../Engine/Content/EditorMaterials/Tick.uasset" 532
"../../../Engine/Content/EditorMaterials/Tick.uexp" 533
"../../../Engine/Content/EditorMaterials/Tick_Mat.uasset" 534
"../../../Engine/Content/EditorMaterials/Tick_Mat.uexp" 535
"../../../Engine/Content/EditorMaterials/WidgetMaterial_X.uasset" 536
"../../../Engine/Content/EditorMaterials/WidgetMaterial_X.uexp" 537
"../../../Engine/Content/EditorMaterials/WidgetMaterial_Z.uasset" 538
"../../../Engine/Content/EditorMaterials/WidgetMaterial_Z.uexp" 539
"../../../Engine/Content/EditorMaterials/PreviewShadowIndicator.uasset" 540
"../../../Engine/Content/EditorMaterials/PreviewShadowIndicator.uexp" 541
"../../../Engine/Content/EditorMaterials/PreviewShadowIndicator.ubulk" 542
"../../../Engine/Content/EditorMaterials/PreviewShadowIndicatorMaterial.uasset" 543
"../../../Engine/Content/EditorMaterials/PreviewShadowIndicatorMaterial.uexp" 544
"../../../Engine/Content/EditorMaterials/WidgetMaterial.uasset" 545
"../../../Engine/Content/EditorMaterials/WidgetMaterial.uexp" 546
"../../../Engine/Content/EditorMaterials/PhAT_NoCollisionMaterial.uasset" 547
"../../../Engine/Content/EditorMaterials/PhAT_NoCollisionMaterial.uexp" 548
"../../../Engine/Content/EditorMaterials/PhAT_BoneSelectedMaterial.uasset" 549
"../../../Engine/Content/EditorMaterials/PhAT_BoneSelectedMaterial.uexp" 550
"../../../Engine/Content/EditorMaterials/Cross.uasset" 551
"../../../Engine/Content/EditorMaterials/Cross.uexp" 552
"../../../Engine/Content/EditorMaterials/Cross_Mat.uasset" 553
"../../../Engine/Content/EditorMaterials/Cross_Mat.uexp" 554
"../../../Engine/Content/Functions/Engine_MaterialFunctions01/Texturing/ComputeMipLevel.uasset" 555
"../../../Engine/Content/Functions/Engine_MaterialFunctions01/Texturing/ComputeMipLevel.uexp" 556
"../../../Engine/Content/Functions/Engine_MaterialFunctions01/Texturing/TextureCropping.uasset" 557
"../../../Engine/Content/Functions/Engine_MaterialFunctions01/Texturing/TextureCropping.uexp" 558
"../../../Engine/Content/Functions/Engine_MaterialFunctions02/ExampleContent/Textures/DebugNumberPeriod.uasset" 559
"../../../Engine/Content/Functions/Engine_MaterialFunctions02/ExampleContent/Textures/DebugNumberPeriod.uexp" 560
"../../../Engine/Content/Functions/Engine_MaterialFunctions02/ExampleContent/DebugNumberStrip.uasset" 561
"../../../Engine/Content/Functions/Engine_MaterialFunctions02/ExampleContent/DebugNumberStrip.uexp" 562
"../../../Engine/Content/Functions/Engine_MaterialFunctions02/Utility/DebugScalarValues.uasset" 563
"../../../Engine/Content/Functions/Engine_MaterialFunctions02/Utility/DebugScalarValues.uexp" 564
"../../../Engine/Content/Functions/Engine_MaterialFunctions02/Utility/DebugFloat2Values.uasset" 565
"../../../Engine/Content/Functions/Engine_MaterialFunctions02/Utility/DebugFloat2Values.uexp" 566
"../../../Engine/Content/Functions/Engine_MaterialFunctions02/ExampleContent/Textures/flipbook.uasset" 567
"../../../Engine/Content/Functions/Engine_MaterialFunctions02/ExampleContent/Textures/flipbook.uexp" 568
"../../../Engine/Content/Functions/Engine_MaterialFunctions02/ExampleContent/Textures/flipbook.ubulk" 569
"../../../Engine/Content/Functions/Engine_MaterialFunctions02/Texturing/FlipBook.uasset" 570
"../../../Engine/Content/Functions/Engine_MaterialFunctions02/Texturing/FlipBook.uexp" 571
"../../../Engine/Content/Functions/Engine_MaterialFunctions02/Utility/Sign.uasset" 572
"../../../Engine/Content/Functions/Engine_MaterialFunctions02/Utility/Sign.uexp" 573
"../../../Engine/Content/Functions/Engine_MaterialFunctions02/Utility/Round.uasset" 574
"../../../Engine/Content/Functions/Engine_MaterialFunctions02/Utility/Round.uexp" 575
"../../../Engine/Content/EditorResources/T_EditorHelp.uasset" 576
"../../../Engine/Content/EditorResources/T_EditorHelp.uexp" 577
"../../../Engine/Content/EditorResources/T_EditorHelp.ubulk" 578
"../../../Engine/Content/EditorMaterials/HelpActorMaterial.uasset" 579
"../../../Engine/Content/EditorMaterials/HelpActorMaterial.uexp" 580
"../../../Engine/Content/EditorMaterials/WidgetMaterial_Y.uasset" 581
"../../../Engine/Content/EditorMaterials/WidgetMaterial_Y.uexp" 582
"../../../Engine/Content/EditorMaterials/TargetIcon.uasset" 583
"../../../Engine/Content/EditorMaterials/TargetIcon.uexp" 584
"../../../Engine/Content/EditorMaterials/TargetIcon.ubulk" 585
"../../../Engine/Content/EditorMaterials/WidgetVertexColorMaterial.uasset" 586
"../../../Engine/Content/EditorMaterials/WidgetVertexColorMaterial.uexp" 587
"../../../Engine/Content/EditorMaterials/WidgetMaterial_Current.uasset" 588
"../../../Engine/Content/EditorMaterials/WidgetMaterial_Current.uexp" 589
"../../../Engine/Content/EditorMaterials/TilingAALineIntegral.uasset" 590
"../../../Engine/Content/EditorMaterials/TilingAALineIntegral.uexp" 591
"../../../Engine/Content/EditorMaterials/TilingAALineBoxFiltered.uasset" 592
"../../../Engine/Content/EditorMaterials/TilingAALineBoxFiltered.uexp" 593
"../../../Engine/Content/EngineMaterials/BlendFunc_DefBase.uasset" 594
"../../../Engine/Content/EngineMaterials/BlendFunc_DefBase.uexp" 595
"../../../Engine/Content/EngineMaterials/BlendFunc_DefBlend.uasset" 596
"../../../Engine/Content/EngineMaterials/BlendFunc_DefBlend.uexp" 597
"../../../Engine/Content/Functions/Engine_MaterialFunctions03/Blends/Blend_Screen.uasset" 598
"../../../Engine/Content/Functions/Engine_MaterialFunctions03/Blends/Blend_Screen.uexp" 599
"../../../Engine/Content/Functions/Engine_MaterialFunctions03/Procedurals/ComputeFilterWidth.uasset" 600
"../../../Engine/Content/Functions/Engine_MaterialFunctions03/Procedurals/ComputeFilterWidth.uexp" 601
"../../../Engine/Content/EditorMaterials/TilingAAGrid.uasset" 602
"../../../Engine/Content/EditorMaterials/TilingAAGrid.uexp" 603
"../../../Engine/Content/EditorMaterials/CompositeARGBLayer.uasset" 604
"../../../Engine/Content/EditorMaterials/CompositeARGBLayer.uexp" 605
"../../../Engine/Content/EditorMaterials/TilingAADots.uasset" 606
"../../../Engine/Content/EditorMaterials/TilingAADots.uexp" 607
"../../../Engine/Content/EditorMaterials/LevelGridMaterial.uasset" 608
"../../../Engine/Content/EditorMaterials/LevelGridMaterial.uexp" 609
"../../../Engine/Content/EditorMaterials/MAT_Groups_Toggle.uasset" 610
"../../../Engine/Content/EditorMaterials/MAT_Groups_Toggle.uexp" 611
"../../../Engine/Content/EditorMaterials/PhAT_ElemSelectedMaterial.uasset" 612
"../../../Engine/Content/EditorMaterials/PhAT_ElemSelectedMaterial.uexp" 613
"../../../Engine/Content/EditorMaterials/WidgetGridVertexColorMaterial.uasset" 614
"../../../Engine/Content/EditorMaterials/WidgetGridVertexColorMaterial.uexp" 615
"../../../Engine/Content/EditorMaterials/WidgetGridVertexColorMaterial.ubulk" 616
"../../../Engine/Content/EditorMaterials/WidgetGridVertexColorMaterial_Ma.uasset" 617
"../../../Engine/Content/EditorMaterials/WidgetGridVertexColorMaterial_Ma.uexp" 618
"../../../Engine/Content/EditorMaterials/PhAT_UnselectedMaterial.uasset" 619
"../../../Engine/Content/EditorMaterials/PhAT_UnselectedMaterial.uexp" 620
"../../../Engine/Content/EditorMaterials/MAT_Groups_Visibility.uasset" 621
"../../../Engine/Content/EditorMaterials/MAT_Groups_Visibility.uexp" 622
"../../../Engine/Content/EditorResources/LevelGrid1DStripes.uasset" 623
"../../../Engine/Content/EditorResources/LevelGrid1DStripes.uexp" 624
"../../../Engine/Content/EditorMaterials/TextureGridCascaded1D.uasset" 625
"../../../Engine/Content/EditorMaterials/TextureGridCascaded1D.uexp" 626
"../../../Engine/Content/EditorMaterials/TextureGridCascaded2D.uasset" 627
"../../../Engine/Content/EditorMaterials/TextureGridCascaded2D.uexp" 628
"../../../Engine/Content/EditorMaterials/MakeCompositeARGBLayer.uasset" 629
"../../../Engine/Content/EditorMaterials/MakeCompositeARGBLayer.uexp" 630
"../../../Engine/Content/EditorMaterials/LevelGridMaterial2.uasset" 631
"../../../Engine/Content/EditorMaterials/LevelGridMaterial2.uexp" 632
"../../../Engine/Content/EditorMaterials/ParticleSystems/PSysThumbnail_NoImage.uasset" 633
"../../../Engine/Content/EditorMaterials/ParticleSystems/PSysThumbnail_NoImage.uexp" 634
"../../../Engine/Content/EditorMaterials/ParticleSystems/PSysThumbnail_NoImage.ubulk" 635
"../../../Engine/Content/EditorMaterials/ParticleSystems/PSysThumbnail_OOD.uasset" 636
"../../../Engine/Content/EditorMaterials/ParticleSystems/PSysThumbnail_OOD.uexp" 637
"../../../Engine/Content/EditorMaterials/ParticleSystems/PSysThumbnail_OOD.ubulk" 638
"../../../Engine/Content/EditorMaterials/MatineeGroups/MAT_Groups_Vector.uasset" 639
"../../../Engine/Content/EditorMaterials/MatineeGroups/MAT_Groups_Vector.uexp" 640
"../../../Engine/Content/EditorMaterials/MatineeGroups/MAT_ColorTrack.uasset" 641
"../../../Engine/Content/EditorMaterials/MatineeGroups/MAT_ColorTrack.uexp" 642
"../../../Engine/Content/EditorMaterials/MatineeGroups/MAT_Groups_AudioMaster.uasset" 643
"../../../Engine/Content/EditorMaterials/MatineeGroups/MAT_Groups_AudioMaster.uexp" 644
"../../../Engine/Content/EditorMaterials/MatineeGroups/MAT_Groups_Sound.uasset" 645
"../../../Engine/Content/EditorMaterials/MatineeGroups/MAT_Groups_Sound.uexp" 646
"../../../Engine/Content/EditorMaterials/MatineeGroups/MAT_Groups_Float.uasset" 647
"../../../Engine/Content/EditorMaterials/MatineeGroups/MAT_Groups_Float.uexp" 648
"../../../Engine/Content/EditorMaterials/MatineeGroups/MAT_Groups_Director.uasset" 649
"../../../Engine/Content/EditorMaterials/MatineeGroups/MAT_Groups_Director.uexp" 650
"../../../Engine/Content/EditorMaterials/MatineeGroups/MAT_Groups_Move.uasset" 651
"../../../Engine/Content/EditorMaterials/MatineeGroups/MAT_Groups_Move.uexp" 652
"../../../Engine/Content/EditorMaterials/MatineeGroups/MAT_Groups_Event.uasset" 653
"../../../Engine/Content/EditorMaterials/MatineeGroups/MAT_Groups_Event.uexp" 654
"../../../Engine/Content/EditorMaterials/MatineeGroups/MAT_Groups_Fade.uasset" 655
"../../../Engine/Content/EditorMaterials/MatineeGroups/MAT_Groups_Fade.uexp" 656
"../../../Engine/Content/EditorMaterials/MatineeGroups/MAT_Groups_Anim.uasset" 657
"../../../Engine/Content/EditorMaterials/MatineeGroups/MAT_Groups_Anim.uexp" 658
"../../../Engine/Content/EditorMaterials/MatineeGroups/MAT_Groups_Slomo.uasset" 659
"../../../Engine/Content/EditorMaterials/MatineeGroups/MAT_Groups_Slomo.uexp" 660
"../../../Engine/Content/EngineMaterials/Grid.uasset" 661
"../../../Engine/Content/EngineMaterials/Grid.uexp" 662
"../../../Engine/Content/EngineMaterials/Grid.ubulk" 663
"../../../Engine/Content/EditorMaterials/Thumbnails/FloorPlaneMaterial.uasset" 664
"../../../Engine/Content/EditorMaterials/Thumbnails/FloorPlaneMaterial.uexp" 665
"../../../Engine/Content/EngineSounds/Master.uasset" 666
"../../../Engine/Content/EngineSounds/Master.uexp" 667
"../../../Engine/Content/EngineMeshes/Cylinder.uasset" 668
"../../../Engine/Content/EngineMeshes/Cylinder.uexp" 669
"../../../Engine/Content/EngineMeshes/Sphere.uasset" 670
"../../../Engine/Content/EngineMeshes/Sphere.uexp" 671
"../../../Engine/Content/EngineSky/VolumetricClouds/CloudWeatherTexture.uasset" 672
"../../../Engine/Content/EngineSky/VolumetricClouds/CloudWeatherTexture.uexp" 673
"../../../Engine/Content/EngineSky/VolumetricClouds/T_NoiseShape64.uasset" 674
"../../../Engine/Content/EngineSky/VolumetricClouds/T_NoiseShape64.uexp" 675
"../../../Engine/Content/EngineSky/VolumetricClouds/T_NoiseShape64.ubulk" 676
"../../../Engine/Content/EngineSky/VolumetricClouds/T_VolumeNoiseShape64.uasset" 677
"../../../Engine/Content/EngineSky/VolumetricClouds/T_VolumeNoiseShape64.uexp" 678
"../../../Engine/Content/EngineSky/VolumetricClouds/T_NoiseErosion.uasset" 679
"../../../Engine/Content/EngineSky/VolumetricClouds/T_NoiseErosion.uexp" 680
"../../../Engine/Content/EngineSky/VolumetricClouds/T_NoiseErosion.ubulk" 681
"../../../Engine/Content/EngineSky/VolumetricClouds/T_VolumeNoiseErosion32.uasset" 682
"../../../Engine/Content/EngineSky/VolumetricClouds/T_VolumeNoiseErosion32.uexp" 683
"../../../Engine/Content/EngineSky/VolumetricClouds/CloudGradientTexture.uasset" 684
"../../../Engine/Content/EngineSky/VolumetricClouds/CloudGradientTexture.uexp" 685
"../../../Engine/Content/EngineSky/VolumetricClouds/m_SimpleVolumetricCloud.uasset" 686
"../../../Engine/Content/EngineSky/VolumetricClouds/m_SimpleVolumetricCloud.uexp" 687
"../../../Engine/Content/EngineSky/VolumetricClouds/m_SimpleVolumetricCloud_Inst.uasset" 688
"../../../Engine/Content/EngineSky/VolumetricClouds/m_SimpleVolumetricCloud_Inst.uexp" 689
"../../../Engine/Content/VREditor/TransformGizmo/TranslucentTransformGizmoMaterial.uasset" 690
"../../../Engine/Content/VREditor/TransformGizmo/TranslucentTransformGizmoMaterial.uexp" 691
"../../../Engine/Content/VREditor/LaserPointer/VR_LaserPower_01.uasset" 692
"../../../Engine/Content/VREditor/LaserPointer/VR_LaserPower_01.uexp" 693
"../../../Engine/Content/VREditor/LaserPointer/VR_LaserPower_01.ubulk" 694
"../../../Engine/Content/VREditor/TransformGizmo/TransformGizmoMaterial.uasset" 695
"../../../Engine/Content/VREditor/TransformGizmo/TransformGizmoMaterial.uexp" 696
"../../../Engine/Content/VREditor/TransformGizmo/PlaneTranslationHandle.uasset" 697
"../../../Engine/Content/VREditor/TransformGizmo/PlaneTranslationHandle.uexp" 698
"../../../Engine/Content/VREditor/TransformGizmo/Xray.uasset" 699
"../../../Engine/Content/VREditor/TransformGizmo/Xray.uexp" 700
"../../../Engine/Content/VREditor/TransformGizmo/Main.uasset" 701
"../../../Engine/Content/VREditor/TransformGizmo/Main.uexp" 702
"../../../Engine/Content/VREditor/TransformGizmo/SM_Sequencer_Key.uasset" 703
"../../../Engine/Content/VREditor/TransformGizmo/SM_Sequencer_Key.uexp" 704
"../../../Engine/Content/VREditor/TransformGizmo/BoundingBoxCorner.uasset" 705
"../../../Engine/Content/VREditor/TransformGizmo/BoundingBoxCorner.uexp" 706
"../../../Engine/Content/VREditor/TransformGizmo/SM_Sequencer_Node.uasset" 707
"../../../Engine/Content/VREditor/TransformGizmo/SM_Sequencer_Node.uexp" 708
"../../../Engine/Content/VREditor/TransformGizmo/BoundingBoxEdge.uasset" 709
"../../../Engine/Content/VREditor/TransformGizmo/BoundingBoxEdge.uexp" 710
"../../../Engine/Content/MapTemplates/Sky/DaylightAmbientCubemap.uasset" 711
"../../../Engine/Content/MapTemplates/Sky/DaylightAmbientCubemap.uexp" 712
"/Users/Lewis/Documents/Unreal Projects/HorrorGame/Content/Blueprints/BP_MyHorrorCharacter_LS.uasset" 713
"/Users/Lewis/Documents/Unreal Projects/HorrorGame/Content/Blueprints/BP_MyHorrorCharacter_LS.uexp" 714
"/Users/Lewis/Documents/Unreal Projects/HorrorGame/Content/Blueprints/BP_MyHorrorGameGameModeBase_LS.uasset" 715
"/Users/Lewis/Documents/Unreal Projects/HorrorGame/Content/Blueprints/BP_MyHorrorGameGameModeBase_LS.uexp" 716
"../../../Engine/Content/ArtTools/RenderToTexture/Materials/Debug/M_Emissive_Color.uasset" 717
"../../../Engine/Content/ArtTools/RenderToTexture/Materials/Debug/M_Emissive_Color.uexp" 718
"../../../Engine/Content/BasicShapes/Cylinder.uasset" 719
"../../../Engine/Content/BasicShapes/Cylinder.uexp" 720
"../../../Engine/Plugins/Lumin/MagicLeapPassableWorld/Content/MagicLeapARPinInfoActor.uasset" 721
"../../../Engine/Plugins/Lumin/MagicLeapPassableWorld/Content/MagicLeapARPinInfoActor.uexp" 722
"../../../Engine/Plugins/FX/Niagara/Content/Enums/ENiagaraRandomnessMode.uasset" 723
"../../../Engine/Plugins/FX/Niagara/Content/Enums/ENiagaraRandomnessMode.uexp" 724
"../../../Engine/Plugins/FX/Niagara/Content/Icons/S_ParticleSystem.uasset" 725
"../../../Engine/Plugins/FX/Niagara/Content/Icons/S_ParticleSystem.uexp" 726
"../../../Engine/Plugins/FX/Niagara/Content/Icons/S_ParticleSystem.ubulk" 727
"../../../Engine/Plugins/2D/Paper2D/Content/PlaceholderTextures/DummySpriteTexture.uasset" 728
"../../../Engine/Plugins/2D/Paper2D/Content/PlaceholderTextures/DummySpriteTexture.uexp" 729
"../../../Engine/Plugins/2D/Paper2D/Content/PlaceholderTextures/DummySpriteTexture.ubulk" 730
"../../../Engine/Plugins/2D/Paper2D/Content/DefaultSpriteMaterial.uasset" 731
"../../../Engine/Plugins/2D/Paper2D/Content/DefaultSpriteMaterial.uexp" 732
"../../../Engine/Plugins/2D/Paper2D/Content/OpaqueUnlitSpriteMaterial.uasset" 733
"../../../Engine/Plugins/2D/Paper2D/Content/OpaqueUnlitSpriteMaterial.uexp" 734
"../../../Engine/Plugins/2D/Paper2D/Content/DummySprite.uasset" 735
"../../../Engine/Plugins/2D/Paper2D/Content/DummySprite.uexp" 736
"../../../Engine/Plugins/2D/Paper2D/Content/DefaultPaperTerrainMaterial.uasset" 737
"../../../Engine/Plugins/2D/Paper2D/Content/DefaultPaperTerrainMaterial.uexp" 738
"../../../Engine/Plugins/2D/Paper2D/Content/MaskedUnlitSpriteMaterial.uasset" 739
"../../../Engine/Plugins/2D/Paper2D/Content/MaskedUnlitSpriteMaterial.uexp" 740
"../../../Engine/Content/Functions/Engine_MaterialFunctions02/ObjectLocalBounds.uasset" 741
"../../../Engine/Content/Functions/Engine_MaterialFunctions02/ObjectLocalBounds.uexp" 742
"../../../Engine/Content/Functions/Engine_MaterialFunctions02/WorldPositionOffset/ObjectScale.uasset" 743
"../../../Engine/Content/Functions/Engine_MaterialFunctions02/WorldPositionOffset/ObjectScale.uexp" 744
"../../../Engine/Plugins/Editor/SpeedTreeImporter/Content/SpeedTree9/EmptyNormal.uasset" 745
"../../../Engine/Plugins/Editor/SpeedTreeImporter/Content/SpeedTree9/EmptyNormal.uexp" 746
"../../../Engine/Plugins/Editor/SpeedTreeImporter/Content/SpeedTree9/Empty.uasset" 747
"../../../Engine/Plugins/Editor/SpeedTreeImporter/Content/SpeedTree9/Empty.uexp" 748
"../../../Engine/Plugins/Editor/SpeedTreeImporter/Content/SpeedTree9/UnpackInteger3.uasset" 749
"../../../Engine/Plugins/Editor/SpeedTreeImporter/Content/SpeedTree9/UnpackInteger3.uexp" 750
"../../../Engine/Plugins/Editor/SpeedTreeImporter/Content/SpeedTree9/SpeedTreeBillboard.uasset" 751
"../../../Engine/Plugins/Editor/SpeedTreeImporter/Content/SpeedTree9/SpeedTreeBillboard.uexp" 752
"../../../Engine/Plugins/Editor/SpeedTreeImporter/Content/SpeedTree9/UnpackDirection.uasset" 753
"../../../Engine/Plugins/Editor/SpeedTreeImporter/Content/SpeedTree9/UnpackDirection.uexp" 754
"../../../Engine/Plugins/Editor/SpeedTreeImporter/Content/SpeedTree9/game_wind_noise.uasset" 755
"../../../Engine/Plugins/Editor/SpeedTreeImporter/Content/SpeedTree9/game_wind_noise.uexp" 756
"../../../Engine/Plugins/Editor/SpeedTreeImporter/Content/SpeedTree9/game_wind_noise.ubulk" 757
"../../../Engine/Content/Functions/Engine_MaterialFunctions02/SafeNormalize.uasset" 758
"../../../Engine/Content/Functions/Engine_MaterialFunctions02/SafeNormalize.uexp" 759
"../../../Engine/Plugins/Editor/SpeedTreeImporter/Content/SpeedTree9/SpeedTreeWindMotion.uasset" 760
"../../../Engine/Plugins/Editor/SpeedTreeImporter/Content/SpeedTree9/SpeedTreeWindMotion.uexp" 761
"../../../Engine/Plugins/Editor/SpeedTreeImporter/Content/SpeedTree9/SpeedTreeBranchMotion.uasset" 762
"../../../Engine/Plugins/Editor/SpeedTreeImporter/Content/SpeedTree9/SpeedTreeBranchMotion.uexp" 763
"../../../Engine/Content/Functions/Engine_MaterialFunctions02/UVs/BoundingBoxBased_0-1_UVW.uasset" 764
"../../../Engine/Content/Functions/Engine_MaterialFunctions02/UVs/BoundingBoxBased_0-1_UVW.uexp" 765
"../../../Engine/Plugins/Editor/SpeedTreeImporter/Content/SpeedTree9/SpeedTreeWind.uasset" 766
"../../../Engine/Plugins/Editor/SpeedTreeImporter/Content/SpeedTree9/SpeedTreeWind.uexp" 767
"../../../Engine/Plugins/Editor/SpeedTreeImporter/Content/SpeedTree9/SpeedTreeBillboardMaster.uasset" 768
"../../../Engine/Plugins/Editor/SpeedTreeImporter/Content/SpeedTree9/SpeedTreeBillboardMaster.uexp" 769
"../../../Engine/Plugins/Editor/SpeedTreeImporter/Content/SpeedTree9/SpeedTreeCameraFacing.uasset" 770
"../../../Engine/Plugins/Editor/SpeedTreeImporter/Content/SpeedTree9/SpeedTreeCameraFacing.uexp" 771
"../../../Engine/Plugins/Editor/SpeedTreeImporter/Content/SpeedTree9/SpeedTreeMaster.uasset" 772
"../../../Engine/Plugins/Editor/SpeedTreeImporter/Content/SpeedTree9/SpeedTreeMaster.uexp" 773
"../../../Engine/Content/Maps/Entry_BuiltData.uasset" 774
"../../../Engine/Content/Maps/Entry_BuiltData.uexp" 775
"../../../Engine/Content/Maps/Entry.uexp" 776
"../../../Engine/Content/Maps/Entry.umap" 777
"../../../Engine/Content/MapTemplates/SM_Template_Map_Floor.uasset" 778
"../../../Engine/Content/MapTemplates/SM_Template_Map_Floor.uexp" 779
"../../../Engine/Content/EngineSky/T_Sky_Stars.uasset" 780
"../../../Engine/Content/EngineSky/T_Sky_Stars.uexp" 781
"../../../Engine/Content/EngineSky/T_Sky_Stars.ubulk" 782
"../../../Engine/Content/EngineSky/T_Sky_Clouds_M.uasset" 783
"../../../Engine/Content/EngineSky/T_Sky_Clouds_M.uexp" 784
"../../../Engine/Content/EngineSky/T_Sky_Clouds_M.ubulk" 785
"../../../Engine/Content/EngineSky/T_Sky_Blue.uasset" 786
"../../../Engine/Content/EngineSky/T_Sky_Blue.uexp" 787
"../../../Engine/Content/EngineSky/T_Sky_Blue.ubulk" 788
"../../../Engine/Content/EngineSky/M_Sky_Panning_Clouds2.uasset" 789
"../../../Engine/Content/EngineSky/M_Sky_Panning_Clouds2.uexp" 790
"../../../Engine/Content/Maps/Templates/Template_Default_BuiltData.uasset" 791
"../../../Engine/Content/Maps/Templates/Template_Default_BuiltData.uexp" 792
"../../../Engine/Content/Maps/Templates/Template_Default_BuiltData.ubulk" 793
"../../../Engine/Content/EditorBlueprintResources/StandardMacros.uasset" 794
"../../../Engine/Content/EditorBlueprintResources/StandardMacros.uexp" 795
"../../../Engine/Content/EngineSky/C_Sky_Horizon_Color.uasset" 796
"../../../Engine/Content/EngineSky/C_Sky_Horizon_Color.uexp" 797
"../../../Engine/Content/EngineSky/C_Sky_Cloud_Color.uasset" 798
"../../../Engine/Content/EngineSky/C_Sky_Cloud_Color.uexp" 799
"../../../Engine/Content/EngineSky/C_Sky_Zenith_Color.uasset" 800
"../../../Engine/Content/EngineSky/C_Sky_Zenith_Color.uexp" 801
"../../../Engine/Content/EngineSky/SM_SkySphere.uasset" 802
"../../../Engine/Content/EngineSky/SM_SkySphere.uexp" 803
"../../../Engine/Content/EngineSky/BP_Sky_Sphere.uasset" 804
"../../../Engine/Content/EngineSky/BP_Sky_Sphere.uexp" 805
"../../../Engine/Content/Maps/Templates/Template_Default.uexp" 806
"../../../Engine/Content/Maps/Templates/Template_Default.umap" 807
"/Users/Lewis/Documents/Unreal Projects/HorrorGame/Content/Map/HorrorMap-LS_BuiltData.uasset" 808
"/Users/Lewis/Documents/Unreal Projects/HorrorGame/Content/Map/HorrorMap-LS_BuiltData.uexp" 809
"/Users/Lewis/Documents/Unreal Projects/HorrorGame/Content/Map/HorrorMap-LS_BuiltData.ubulk" 810
"/Users/Lewis/Documents/Unreal Projects/HorrorGame/Content/Map/HorrorMap-LS.uexp" 811
"/Users/Lewis/Documents/Unreal Projects/HorrorGame/Content/Map/HorrorMap-LS.umap" 812
