"../../../Engine/Content/Maps/Templates/Thumbnails/Default.uasset" 0
"../../../Engine/Content/Maps/Templates/Thumbnails/Default.uexp" 1
"../../../Engine/Content/Maps/Templates/Thumbnails/TimeOfDay.uasset" 2
"../../../Engine/Content/Maps/Templates/Thumbnails/TimeOfDay.uexp" 3
"../../../Engine/Content/Maps/Templates/Thumbnails/VR-Basic.uasset" 4
"../../../Engine/Content/Maps/Templates/Thumbnails/VR-Basic.uexp" 5
"../../../Engine/Content/MobileResources/T_MobileControls_texture.uasset" 6
"../../../Engine/Content/MobileResources/T_MobileControls_texture.uexp" 7
"../../../Engine/Content/MobileResources/T_MobileMenu2.uasset" 8
"../../../Engine/Content/MobileResources/T_MobileMenu2.uexp" 9
"../../../Engine/Content/MobileResources/HUD/MobileHUDDirectionPad3.uasset" 10
"../../../Engine/Content/MobileResources/HUD/MobileHUDDirectionPad3.uexp" 11
"../../../Engine/Content/MobileResources/HUD/MobileHUDButton2_off.uasset" 12
"../../../Engine/Content/MobileResources/HUD/MobileHUDButton2_off.uexp" 13
"../../../Engine/Content/MobileResources/HUD/MobileHUDButton3.uasset" 14
"../../../Engine/Content/MobileResources/HUD/MobileHUDButton3.uexp" 15
"../../../Engine/Content/MobileResources/HUD/T_Castle_ThumbstickInner.uasset" 16
"../../../Engine/Content/MobileResources/HUD/T_Castle_ThumbstickInner.uexp" 17
"../../../Engine/Content/MobileResources/HUD/MobileHUDDirectionStick.uasset" 18
"../../../Engine/Content/MobileResources/HUD/MobileHUDDirectionStick.uexp" 19
"../../../Engine/Content/MobileResources/HUD/VirtualJoystick_Background.uasset" 20
"../../../Engine/Content/MobileResources/HUD/VirtualJoystick_Background.uexp" 21
"../../../Engine/Content/MobileResources/HUD/VirtualJoystick_Thumb.uasset" 22
"../../../Engine/Content/MobileResources/HUD/VirtualJoystick_Thumb.uexp" 23
"../../../Engine/Content/MobileResources/HUD/DefaultVirtualJoysticks.uasset" 24
"../../../Engine/Content/MobileResources/HUD/DefaultVirtualJoysticks.uexp" 25
"../../../Engine/Content/MobileResources/HUD/T_Castle_ThumbstickOutter.uasset" 26
"../../../Engine/Content/MobileResources/HUD/T_Castle_ThumbstickOutter.uexp" 27
"../../../Engine/Content/MobileResources/HUD/MobileHUDButton2_on.uasset" 28
"../../../Engine/Content/MobileResources/HUD/MobileHUDButton2_on.uexp" 29
"../../../Engine/Content/MobileResources/HUD/MobileHUDDirectionPad2.uasset" 30
"../../../Engine/Content/MobileResources/HUD/MobileHUDDirectionPad2.uexp" 31
"../../../Engine/Content/MobileResources/HUD/MobileHUDDirectionPad.uasset" 32
"../../../Engine/Content/MobileResources/HUD/MobileHUDDirectionPad.uexp" 33
"../../../Engine/Content/MobileResources/HUD/AnalogHat.uasset" 34
"../../../Engine/Content/MobileResources/HUD/AnalogHat.uexp" 35
"../../../Engine/Content/MobileResources/HUD/MobileHUDButton1_on.uasset" 36
"../../../Engine/Content/MobileResources/HUD/MobileHUDButton1_on.uexp" 37
"../../../Engine/Content/MobileResources/HUD/MobileHUDButtonFire.uasset" 38
"../../../Engine/Content/MobileResources/HUD/MobileHUDButtonFire.uexp" 39
"../../../Engine/Content/MobileResources/HUD/LeftVirtualJoystickOnly.uasset" 40
"../../../Engine/Content/MobileResources/HUD/LeftVirtualJoystickOnly.uexp" 41
"../../../Engine/Content/MobileResources/HUD/MobileHUDButton1_off.uasset" 42
"../../../Engine/Content/MobileResources/HUD/MobileHUDButton1_off.uexp" 43
"../../../Engine/Content/Tutorial/ContentIntroCurve.uasset" 44
"../../../Engine/Content/Tutorial/ContentIntroCurve.uexp" 45
"../../../Engine/Content/Tutorial/Basics/TutorialAssets/icon_tab_Levels_40x.uasset" 46
"../../../Engine/Content/Tutorial/Basics/TutorialAssets/icon_tab_Levels_40x.uexp" 47
"../../../Engine/Content/EngineResources/DefaultTextureCube.uasset" 48
"../../../Engine/Content/EngineResources/DefaultTextureCube.uexp" 49
"../../../Engine/Content/EngineResources/DefaultTexture.uasset" 50
"../../../Engine/Content/EngineResources/DefaultTexture.uexp" 51
"../../../Engine/Content/EngineResources/DefaultTexture.ubulk" 52
"../../../Engine/Content/EngineResources/DefaultVolumeTexture2D.uasset" 53
"../../../Engine/Content/EngineResources/DefaultVolumeTexture2D.uexp" 54
"../../../Engine/Content/EngineResources/DefaultVolumeTexture.uasset" 55
"../../../Engine/Content/EngineResources/DefaultVolumeTexture.uexp" 56
"../../../Engine/Content/EngineResources/StreamingPauseIcon.uasset" 57
"../../../Engine/Content/EngineResources/StreamingPauseIcon.uexp" 58
"../../../Engine/Content/EngineResources/M_StreamingPause.uasset" 59
"../../../Engine/Content/EngineResources/M_StreamingPause.uexp" 60
"../../../Engine/Content/EngineResources/GradientTexture0.uasset" 61
"../../../Engine/Content/EngineResources/GradientTexture0.uexp" 62
"../../../Engine/Content/EditorLandscapeResources/DataLayer.uasset" 63
"../../../Engine/Content/EditorLandscapeResources/DataLayer.uexp" 64
"../../../Engine/Content/EditorLandscapeResources/LandscapeGizmo_Mat.uasset" 65
"../../../Engine/Content/EditorLandscapeResources/LandscapeGizmo_Mat.uexp" 66
"../../../Engine/Content/EditorLandscapeResources/LandscapeGizmo_Mat_Copied.uasset" 67
"../../../Engine/Content/EditorLandscapeResources/LandscapeGizmo_Mat_Copied.uexp" 68
"../../../Engine/Content/EditorLandscapeResources/SplineEditorMeshMat.uasset" 69
"../../../Engine/Content/EditorLandscapeResources/SplineEditorMeshMat.uexp" 70
"../../../Engine/Content/EditorLandscapeResources/SplineEditorMesh.uasset" 71
"../../../Engine/Content/EditorLandscapeResources/SplineEditorMesh.uexp" 72
"../../../Engine/Content/EditorLandscapeResources/LandscapeGizmoHeight_Mat.uasset" 73
"../../../Engine/Content/EditorLandscapeResources/LandscapeGizmoHeight_Mat.uexp" 74
"../../../Engine/Content/EditorLandscapeResources/DefaultAlphaTexture.uasset" 75
"../../../Engine/Content/EditorLandscapeResources/DefaultAlphaTexture.uexp" 76
"../../../Engine/Content/EditorSounds/Notifications/CompileSuccess.uasset" 77
"../../../Engine/Content/EditorSounds/Notifications/CompileSuccess.uexp" 78
"../../../Engine/Content/EditorSounds/Notifications/CompileStart_Cue.uasset" 79
"../../../Engine/Content/EditorSounds/Notifications/CompileStart_Cue.uexp" 80
"../../../Engine/Content/EditorMeshes/EditorCube.uasset" 81
"../../../Engine/Content/EditorMeshes/EditorCube.uexp" 82
"../../../Engine/Content/EditorMeshes/EditorPlane.uasset" 83
"../../../Engine/Content/EditorMeshes/EditorPlane.uexp" 84
"../../../Engine/Content/EditorResources/MatineeCam_D.uasset" 85
"../../../Engine/Content/EditorResources/MatineeCam_D.uexp" 86
"../../../Engine/Content/EditorMaterials/MatineeCam_mat.uasset" 87
"../../../Engine/Content/EditorMaterials/MatineeCam_mat.uexp" 88
"../../../Engine/Content/EditorMeshes/MatineeCam_SM.uasset" 89
"../../../Engine/Content/EditorMeshes/MatineeCam_SM.uexp" 90
"../../../Engine/Content/EditorMeshes/EditorCylinder.uasset" 91
"../../../Engine/Content/EditorMeshes/EditorCylinder.uexp" 92
"../../../Engine/Content/EditorMaterials/Thumbnails/SkySphereMaterial.uasset" 93
"../../../Engine/Content/EditorMaterials/Thumbnails/SkySphereMaterial.uexp" 94
"../../../Engine/Content/EditorMeshes/EditorSkySphere.uasset" 95
"../../../Engine/Content/EditorMeshes/EditorSkySphere.uexp" 96
"../../../Engine/Content/EngineMaterials/T_Default_Material_Grid_N.uasset" 97
"../../../Engine/Content/EngineMaterials/T_Default_Material_Grid_N.uexp" 98
"../../../Engine/Content/EngineMaterials/T_Default_Material_Grid_N.ubulk" 99
"../../../Engine/Content/EngineMaterials/T_Default_Material_Grid_M.uasset" 100
"../../../Engine/Content/EngineMaterials/T_Default_Material_Grid_M.uexp" 101
"../../../Engine/Content/EngineMaterials/T_Default_Material_Grid_M.ubulk" 102
"../../../Engine/Content/Functions/Engine_MaterialFunctions01/Opacity/CameraDepthFade.uasset" 103
"../../../Engine/Content/Functions/Engine_MaterialFunctions01/Opacity/CameraDepthFade.uexp" 104
"../../../Engine/Content/EngineMaterials/WorldGridMaterial.uasset" 105
"../../../Engine/Content/EngineMaterials/WorldGridMaterial.uexp" 106
"../../../Engine/Content/EditorMeshes/PlanarReflectionPlane.uasset" 107
"../../../Engine/Content/EditorMeshes/PlanarReflectionPlane.uexp" 108
"../../../Engine/Content/EditorMeshes/EditorSphere.uasset" 109
"../../../Engine/Content/EditorMeshes/EditorSphere.uexp" 110
"../../../Engine/Content/EditorMaterials/Camera/CineMat.uasset" 111
"../../../Engine/Content/EditorMaterials/Camera/CineMat.uexp" 112
"../../../Engine/Content/EditorMaterials/Camera/MI_CineMat_Rig.uasset" 113
"../../../Engine/Content/EditorMaterials/Camera/MI_CineMat_Rig.uexp" 114
"../../../Engine/Content/EditorMeshes/Camera/SM_CraneRig_Body.uasset" 115
"../../../Engine/Content/EditorMeshes/Camera/SM_CraneRig_Body.uexp" 116
"../../../Engine/Content/EditorMeshes/Camera/SM_RailRig_Mount.uasset" 117
"../../../Engine/Content/EditorMeshes/Camera/SM_RailRig_Mount.uexp" 118
"../../../Engine/Content/EngineDebugMaterials/M_SimpleOpaque.uasset" 119
"../../../Engine/Content/EngineDebugMaterials/M_SimpleOpaque.uexp" 120
"../../../Engine/Content/EditorMaterials/Camera/MI_CineMat_CamViewFinder.uasset" 121
"../../../Engine/Content/EditorMaterials/Camera/MI_CineMat_CamViewFinder.uexp" 122
"../../../Engine/Content/EditorMaterials/Camera/MI_CineMat_CameraBody.uasset" 123
"../../../Engine/Content/EditorMaterials/Camera/MI_CineMat_CameraBody.uexp" 124
"../../../Engine/Content/EditorMeshes/Camera/SM_CineCam.uasset" 125
"../../../Engine/Content/EditorMeshes/Camera/SM_CineCam.uexp" 126
"../../../Engine/Content/EditorMeshes/Camera/SM_CraneRig_Base.uasset" 127
"../../../Engine/Content/EditorMeshes/Camera/SM_CraneRig_Base.uexp" 128
"../../../Engine/Content/EditorMeshes/Camera/SM_CraneRig_Mount.uasset" 129
"../../../Engine/Content/EditorMeshes/Camera/SM_CraneRig_Mount.uexp" 130
"../../../Engine/Content/EditorMeshes/Camera/SM_CraneRig_Arm.uasset" 131
"../../../Engine/Content/EditorMeshes/Camera/SM_CraneRig_Arm.uexp" 132
"../../../Engine/Content/EditorMeshes/Camera/SM_RailRig_Track.uasset" 133
"../../../Engine/Content/EditorMeshes/Camera/SM_RailRig_Track.uexp" 134
"../../../Engine/Content/EditorMeshes/ColorCalibrator/M_ChromeBall.uasset" 135
"../../../Engine/Content/EditorMeshes/ColorCalibrator/M_ChromeBall.uexp" 136
"../../../Engine/Content/EngineFonts/Faces/RobotoTiny.uasset" 137
"../../../Engine/Content/EngineFonts/Faces/RobotoTiny.uexp" 138
"../../../Engine/Content/EngineFonts/Faces/RobotoTiny.ufont" 139
"../../../Engine/Content/EngineFonts/Faces/DroidSansFallback.uasset" 140
"../../../Engine/Content/EngineFonts/Faces/DroidSansFallback.uexp" 141
"../../../Engine/Content/EngineFonts/Faces/DroidSansFallback.ufont" 142
"../../../Engine/Content/EngineFonts/RobotoTiny.uasset" 143
"../../../Engine/Content/EngineFonts/RobotoTiny.uexp" 144
"../../../Engine/Content/EngineFonts/SmallFont.uasset" 145
"../../../Engine/Content/EngineFonts/SmallFont.uexp" 146
"../../../Engine/Content/EngineFonts/Faces/RobotoRegular.uasset" 147
"../../../Engine/Content/EngineFonts/Faces/RobotoRegular.uexp" 148
"../../../Engine/Content/EngineFonts/Faces/RobotoRegular.ufont" 149
"../../../Engine/Content/EngineFonts/Faces/RobotoLight.uasset" 150
"../../../Engine/Content/EngineFonts/Faces/RobotoLight.uexp" 151
"../../../Engine/Content/EngineFonts/Faces/RobotoLight.ufont" 152
"../../../Engine/Content/EngineFonts/Faces/RobotoItalic.uasset" 153
"../../../Engine/Content/EngineFonts/Faces/RobotoItalic.uexp" 154
"../../../Engine/Content/EngineFonts/Faces/RobotoItalic.ufont" 155
"../../../Engine/Content/EngineFonts/Faces/RobotoBoldItalic.uasset" 156
"../../../Engine/Content/EngineFonts/Faces/RobotoBoldItalic.uexp" 157
"../../../Engine/Content/EngineFonts/Faces/RobotoBoldItalic.ufont" 158
"../../../Engine/Content/EngineFonts/Faces/RobotoBold.uasset" 159
"../../../Engine/Content/EngineFonts/Faces/RobotoBold.uexp" 160
"../../../Engine/Content/EngineFonts/Faces/RobotoBold.ufont" 161
"../../../Engine/Content/EngineFonts/Roboto.uasset" 162
"../../../Engine/Content/EngineFonts/Roboto.uexp" 163
"../../../Engine/Content/EngineFonts/TinyFont.uasset" 164
"../../../Engine/Content/EngineFonts/TinyFont.uexp" 165
"../../../Engine/Content/EngineDamageTypes/DmgTypeBP_Environmental.uasset" 166
"../../../Engine/Content/EngineDamageTypes/DmgTypeBP_Environmental.uexp" 167
"../../../Engine/Content/ArtTools/RenderToTexture/Meshes/S_1_Unit_Plane.uasset" 168
"../../../Engine/Content/ArtTools/RenderToTexture/Meshes/S_1_Unit_Plane.uexp" 169
"../../../Engine/Content/EngineMaterials/DefaultCalibrationGrayscale.uasset" 170
"../../../Engine/Content/EngineMaterials/DefaultCalibrationGrayscale.uexp" 171
"../../../Engine/Content/EngineMaterials/PPM_DefaultCalibrationGrayscale.uasset" 172
"../../../Engine/Content/EngineMaterials/PPM_DefaultCalibrationGrayscale.uexp" 173
"../../../Engine/Content/EngineResources/WhiteSquareTexture.uasset" 174
"../../../Engine/Content/EngineResources/WhiteSquareTexture.uexp" 175
"../../../Engine/Content/EngineMaterials/Widget3DPassThrough.uasset" 176
"../../../Engine/Content/EngineMaterials/Widget3DPassThrough.uexp" 177
"../../../Engine/Content/EngineMaterials/Widget3DPassThrough_Masked.uasset" 178
"../../../Engine/Content/EngineMaterials/Widget3DPassThrough_Masked.uexp" 179
"../../../Engine/Content/EngineMaterials/WeightMapPlaceholderTexture.uasset" 180
"../../../Engine/Content/EngineMaterials/WeightMapPlaceholderTexture.uexp" 181
"../../../Engine/Content/EngineMaterials/Widget3DPassThrough_Translucent.uasset" 182
"../../../Engine/Content/EngineMaterials/Widget3DPassThrough_Translucent.uexp" 183
"../../../Engine/Content/EngineMaterials/Widget3DPassThrough_Translucent_OneSided.uasset" 184
"../../../Engine/Content/EngineMaterials/Widget3DPassThrough_Translucent_OneSided.uexp" 185
"../../../Engine/Content/EngineMaterials/PaperDiffuse.uasset" 186
"../../../Engine/Content/EngineMaterials/PaperDiffuse.uexp" 187
"../../../Engine/Content/EngineMaterials/BlinkingCaret.uasset" 188
"../../../Engine/Content/EngineMaterials/BlinkingCaret.uexp" 189
"../../../Engine/Content/EngineMaterials/DefaultCalibrationColor.uasset" 190
"../../../Engine/Content/EngineMaterials/DefaultCalibrationColor.uexp" 191
"../../../Engine/Content/EngineMaterials/PPM_DefaultCalibrationColor.uasset" 192
"../../../Engine/Content/EngineMaterials/PPM_DefaultCalibrationColor.uexp" 193
"../../../Engine/Content/EngineMaterials/EditorBrushMaterial.uasset" 194
"../../../Engine/Content/EngineMaterials/EditorBrushMaterial.uexp" 195
"../../../Engine/Content/EngineMaterials/PaperNormal.uasset" 196
"../../../Engine/Content/EngineMaterials/PaperNormal.uexp" 197
"../../../Engine/Content/Functions/Engine_MaterialFunctions02/WorldPositionOffset/CameraOffset.uasset" 198
"../../../Engine/Content/Functions/Engine_MaterialFunctions02/WorldPositionOffset/CameraOffset.uexp" 199
"../../../Engine/Content/EngineMaterials/PhAT_JointLimitMaterial.uasset" 200
"../../../Engine/Content/EngineMaterials/PhAT_JointLimitMaterial.uexp" 201
"../../../Engine/Content/EngineMaterials/GizmoMaterial.uasset" 202
"../../../Engine/Content/EngineMaterials/GizmoMaterial.uexp" 203
"../../../Engine/Content/Functions/Engine_MaterialFunctions02/Utility/BreakOutFloat2Components.uasset" 204
"../../../Engine/Content/Functions/Engine_MaterialFunctions02/Utility/BreakOutFloat2Components.uexp" 205
"../../../Engine/Content/EngineMaterials/HighResScreenshotCaptureRegion.uasset" 206
"../../../Engine/Content/EngineMaterials/HighResScreenshotCaptureRegion.uexp" 207
"../../../Engine/Content/EngineMaterials/LandscapeHolePhysicalMaterial.uasset" 208
"../../../Engine/Content/EngineMaterials/LandscapeHolePhysicalMaterial.uexp" 209
"../../../Engine/Content/EngineMaterials/BlueNoise.uasset" 210
"../../../Engine/Content/EngineMaterials/BlueNoise.uexp" 211
"../../../Engine/Content/EngineMaterials/DefaultWhiteGrid_Low.uasset" 212
"../../../Engine/Content/EngineMaterials/DefaultWhiteGrid_Low.uexp" 213
"../../../Engine/Content/EngineMaterials/EmissiveMeshMaterial.uasset" 214
"../../../Engine/Content/EngineMaterials/EmissiveMeshMaterial.uexp" 215
"../../../Engine/Content/EngineMaterials/Widget3DPassThrough_Opaque.uasset" 216
"../../../Engine/Content/EngineMaterials/Widget3DPassThrough_Opaque.uexp" 217
"../../../Engine/Content/EngineMaterials/Widget3DPassThrough_Masked_OneSided.uasset" 218
"../../../Engine/Content/EngineMaterials/Widget3DPassThrough_Masked_OneSided.uexp" 219
"../../../Engine/Content/EngineMaterials/Good64x64TilingNoiseHighFreq.uasset" 220
"../../../Engine/Content/EngineMaterials/Good64x64TilingNoiseHighFreq.uexp" 221
"../../../Engine/Content/EngineMaterials/DefaultBloomKernel.uasset" 222
"../../../Engine/Content/EngineMaterials/DefaultBloomKernel.uexp" 223
"../../../Engine/Content/EngineMaterials/HighResolutionScreenshotMaskFunction.uasset" 224
"../../../Engine/Content/EngineMaterials/HighResolutionScreenshotMaskFunction.uexp" 225
"../../../Engine/Content/EngineMaterials/HighResScreenshot.uasset" 226
"../../../Engine/Content/EngineMaterials/HighResScreenshot.uexp" 227
"../../../Engine/Content/EngineMaterials/RemoveSurfaceMaterial.uasset" 228
"../../../Engine/Content/EngineMaterials/RemoveSurfaceMaterial.uexp" 229
"../../../Engine/Content/EngineMaterials/DefaultDiffuse.uasset" 230
"../../../Engine/Content/EngineMaterials/DefaultDiffuse.uexp" 231
"../../../Engine/Content/EngineMaterials/DefaultDiffuse.ubulk" 232
"../../../Engine/Content/EngineMaterials/DefaultDeferredDecalMaterial.uasset" 233
"../../../Engine/Content/EngineMaterials/DefaultDeferredDecalMaterial.uexp" 234
"../../../Engine/Content/EngineMaterials/DefaultPostProcessMaterial.uasset" 235
"../../../Engine/Content/EngineMaterials/DefaultPostProcessMaterial.uexp" 236
"../../../Engine/Content/Functions/Engine_MaterialFunctions01/ImageAdjustment/sRGBToLinear.uasset" 237
"../../../Engine/Content/Functions/Engine_MaterialFunctions01/ImageAdjustment/sRGBToLinear.uexp" 238
"../../../Engine/Content/Functions/Engine_MaterialFunctions02/Utility/BreakOutFloat3Components.uasset" 239
"../../../Engine/Content/Functions/Engine_MaterialFunctions02/Utility/BreakOutFloat3Components.uexp" 240
"../../../Engine/Content/Functions/Engine_MaterialFunctions02/Utility/MakeFloat3.uasset" 241
"../../../Engine/Content/Functions/Engine_MaterialFunctions02/Utility/MakeFloat3.uexp" 242
"../../../Engine/Content/EngineMaterials/Widget3DCameraPassThrough_Opaque_OneSided.uasset" 243
"../../../Engine/Content/EngineMaterials/Widget3DCameraPassThrough_Opaque_OneSided.uexp" 244
"../../../Engine/Content/EngineMaterials/BaseFlattenNormalMap.uasset" 245
"../../../Engine/Content/EngineMaterials/BaseFlattenNormalMap.uexp" 246
"../../../Engine/Content/EngineMaterials/BaseFlattenEmissiveMap.uasset" 247
"../../../Engine/Content/EngineMaterials/BaseFlattenEmissiveMap.uexp" 248
"../../../Engine/Content/EngineMaterials/BaseFlattenGrayscaleMap.uasset" 249
"../../../Engine/Content/EngineMaterials/BaseFlattenGrayscaleMap.uexp" 250
"../../../Engine/Content/EngineMaterials/BaseFlattenDiffuseMap.uasset" 251
"../../../Engine/Content/EngineMaterials/BaseFlattenDiffuseMap.uexp" 252
"../../../Engine/Content/EngineMaterials/BaseFlattenMaterial.uasset" 253
"../../../Engine/Content/EngineMaterials/BaseFlattenMaterial.uexp" 254
"../../../Engine/Content/EngineMaterials/InvalidLightmapSettings.uasset" 255
"../../../Engine/Content/EngineMaterials/InvalidLightmapSettings.uexp" 256
"../../../Engine/Content/EngineMaterials/InvalidLightmapSettings.ubulk" 257
"../../../Engine/Content/EngineMaterials/M_InvalidLightmapSettings.uasset" 258
"../../../Engine/Content/EngineMaterials/M_InvalidLightmapSettings.uexp" 259
"../../../Engine/Content/EngineMaterials/HighResScreenshotMask.uasset" 260
"../../../Engine/Content/EngineMaterials/HighResScreenshotMask.uexp" 261
"../../../Engine/Content/EngineFonts/RobotoDistanceField.uasset" 262
"../../../Engine/Content/EngineFonts/RobotoDistanceField.uexp" 263
"../../../Engine/Content/EngineMaterials/DefaultTextMaterialOpaque.uasset" 264
"../../../Engine/Content/EngineMaterials/DefaultTextMaterialOpaque.uexp" 265
"../../../Engine/Content/EngineMaterials/PreintegratedSkinBRDF.uasset" 266
"../../../Engine/Content/EngineMaterials/PreintegratedSkinBRDF.uexp" 267
"../../../Engine/Content/EngineMaterials/Widget3DPassThrough_Opaque_OneSided.uasset" 268
"../../../Engine/Content/EngineMaterials/Widget3DPassThrough_Opaque_OneSided.uexp" 269
"../../../Engine/Content/EngineMaterials/PhysMat_Rubber.uasset" 270
"../../../Engine/Content/EngineMaterials/PhysMat_Rubber.uexp" 271
"../../../Engine/Content/EngineMaterials/DefaultBokeh.uasset" 272
"../../../Engine/Content/EngineMaterials/DefaultBokeh.uexp" 273
"../../../Engine/Content/EngineMaterials/DefaultLightFunctionMaterial.uasset" 274
"../../../Engine/Content/EngineMaterials/DefaultLightFunctionMaterial.uexp" 275
"../../../Engine/Content/EngineMaterials/Grid_N.uasset" 276
"../../../Engine/Content/EngineMaterials/Grid_N.uexp" 277
"../../../Engine/Content/EngineMaterials/Grid_N.ubulk" 278
"../../../Engine/Content/EngineDebugMaterials/DebugEditorMaterial.uasset" 279
"../../../Engine/Content/EngineDebugMaterials/DebugEditorMaterial.uexp" 280
"../../../Engine/Content/Functions/Engine_MaterialFunctions01/Shading/ConvertFromDiffSpec.uasset" 281
"../../../Engine/Content/Functions/Engine_MaterialFunctions01/Shading/ConvertFromDiffSpec.uexp" 282
"../../../Engine/Content/EngineDebugMaterials/VertexColorMaterial.uasset" 283
"../../../Engine/Content/EngineDebugMaterials/VertexColorMaterial.uexp" 284
"../../../Engine/Content/EngineDebugMaterials/GeomMaterial.uasset" 285
"../../../Engine/Content/EngineDebugMaterials/GeomMaterial.uexp" 286
"../../../Engine/Content/EngineDebugMaterials/WireframeMaterial.uasset" 287
"../../../Engine/Content/EngineDebugMaterials/WireframeMaterial.uexp" 288
"../../../Engine/Content/EngineDebugMaterials/HeatmapGradient.uasset" 289
"../../../Engine/Content/EngineDebugMaterials/HeatmapGradient.uexp" 290
"../../../Engine/Content/EngineDebugMaterials/HeatmapGradient.ubulk" 291
"../../../Engine/Content/EngineDebugMaterials/BoneWeightMaterial.uasset" 292
"../../../Engine/Content/EngineDebugMaterials/BoneWeightMaterial.uexp" 293
"../../../Engine/Content/EngineDebugMaterials/VolumeToRender.uasset" 294
"../../../Engine/Content/EngineDebugMaterials/VolumeToRender.uexp" 295
"../../../Engine/Content/Functions/Engine_MaterialFunctions02/Utility/CameraDirectionVector.uasset" 296
"../../../Engine/Content/Functions/Engine_MaterialFunctions02/Utility/CameraDirectionVector.uexp" 297
"../../../Engine/Content/EngineDebugMaterials/M_VolumeRenderSphereTracePP.uasset" 298
"../../../Engine/Content/EngineDebugMaterials/M_VolumeRenderSphereTracePP.uexp" 299
"../../../Engine/Content/EngineDebugMaterials/VertexColorViewMode_BlueOnly.uasset" 300
"../../../Engine/Content/EngineDebugMaterials/VertexColorViewMode_BlueOnly.uexp" 301
"../../../Engine/Content/EngineDebugMaterials/LevelColorationLitMaterial.uasset" 302
"../../../Engine/Content/EngineDebugMaterials/LevelColorationLitMaterial.uexp" 303
"../../../Engine/Content/EngineDebugMaterials/VertexColorViewMode_AlphaAsColor.uasset" 304
"../../../Engine/Content/EngineDebugMaterials/VertexColorViewMode_AlphaAsColor.uexp" 305
"../../../Engine/Content/EngineDebugMaterials/VertexColorViewMode_RedOnly.uasset" 306
"../../../Engine/Content/EngineDebugMaterials/VertexColorViewMode_RedOnly.uexp" 307
"../../../Engine/Content/EngineDebugMaterials/ShadedLevelColorationUnlitMateri.uasset" 308
"../../../Engine/Content/EngineDebugMaterials/ShadedLevelColorationUnlitMateri.uexp" 309
"../../../Engine/Content/EngineDebugMaterials/ClothMaterial.uasset" 310
"../../../Engine/Content/EngineDebugMaterials/ClothMaterial.uexp" 311
"../../../Engine/Content/EngineDebugMaterials/ClothMaterial_WF.uasset" 312
"../../../Engine/Content/EngineDebugMaterials/ClothMaterial_WF.uexp" 313
"../../../Engine/Content/EngineDebugMaterials/PhysicalMaterialMaskMaterial.uasset" 314
"../../../Engine/Content/EngineDebugMaterials/PhysicalMaterialMaskMaterial.uexp" 315
"../../../Engine/Content/EngineDebugMaterials/M_SimpleUnlitTranslucent.uasset" 316
"../../../Engine/Content/EngineDebugMaterials/M_SimpleUnlitTranslucent.uexp" 317
"../../../Engine/Content/EngineDebugMaterials/VertexColorViewMode_GreenOnly.uasset" 318
"../../../Engine/Content/EngineDebugMaterials/VertexColorViewMode_GreenOnly.uexp" 319
"../../../Engine/Content/EngineMaterials/DefaultWhiteGrid.uasset" 320
"../../../Engine/Content/EngineMaterials/DefaultWhiteGrid.uexp" 321
"../../../Engine/Content/EngineMaterials/DefaultWhiteGrid.ubulk" 322
"../../../Engine/Content/EngineDebugMaterials/MAT_LevelColorationLitLightmapUV.uasset" 323
"../../../Engine/Content/EngineDebugMaterials/MAT_LevelColorationLitLightmapUV.uexp" 324
"../../../Engine/Content/EngineDebugMaterials/DebugMeshMaterial.uasset" 325
"../../../Engine/Content/EngineDebugMaterials/DebugMeshMaterial.uexp" 326
"../../../Engine/Content/EngineDebugMaterials/VertexColorViewMode_ColorOnly.uasset" 327
"../../../Engine/Content/EngineDebugMaterials/VertexColorViewMode_ColorOnly.uexp" 328
"../../../Engine/Content/EngineDebugMaterials/LevelColorationUnlitMaterial.uasset" 329
"../../../Engine/Content/EngineDebugMaterials/LevelColorationUnlitMaterial.uexp" 330
"../../../Engine/Content/EngineDebugMaterials/ShadedLevelColorationLitMaterial.uasset" 331
"../../../Engine/Content/EngineDebugMaterials/ShadedLevelColorationLitMaterial.uexp" 332
"../../../Engine/Content/EditorResources/S_Emitter.uasset" 333
"../../../Engine/Content/EditorResources/S_Emitter.uexp" 334
"../../../Engine/Content/EditorResources/S_Emitter.ubulk" 335
"../../../Engine/Content/EditorResources/S_LevelSequence.uasset" 336
"../../../Engine/Content/EditorResources/S_LevelSequence.uexp" 337
"../../../Engine/Content/EditorResources/S_LevelSequence.ubulk" 338
"../../../Engine/Content/EditorResources/S_Thruster.uasset" 339
"../../../Engine/Content/EditorResources/S_Thruster.uexp" 340
"../../../Engine/Content/EditorResources/S_Thruster.ubulk" 341
"../../../Engine/Content/EditorResources/S_WindDirectional.uasset" 342
"../../../Engine/Content/EditorResources/S_WindDirectional.uexp" 343
"../../../Engine/Content/EditorResources/S_WindDirectional.ubulk" 344
"../../../Engine/Content/EditorResources/S_KBSJoint.uasset" 345
"../../../Engine/Content/EditorResources/S_KBSJoint.uexp" 346
"../../../Engine/Content/EditorResources/S_KBSJoint.ubulk" 347
"../../../Engine/Content/EditorResources/S_ReflActorIcon.uasset" 348
"../../../Engine/Content/EditorResources/S_ReflActorIcon.uexp" 349
"../../../Engine/Content/EditorResources/S_ReflActorIcon.ubulk" 350
"../../../Engine/Content/EditorResources/Bad.uasset" 351
"../../../Engine/Content/EditorResources/Bad.uexp" 352
"../../../Engine/Content/EditorResources/Bad.ubulk" 353
"../../../Engine/Content/EditorResources/S_SkyAtmosphere.uasset" 354
"../../../Engine/Content/EditorResources/S_SkyAtmosphere.uexp" 355
"../../../Engine/Content/EditorResources/S_SkyAtmosphere.ubulk" 356
"../../../Engine/Content/EditorResources/S_DecalActorIcon.uasset" 357
"../../../Engine/Content/EditorResources/S_DecalActorIcon.uexp" 358
"../../../Engine/Content/EditorResources/S_DecalActorIcon.ubulk" 359
"../../../Engine/Content/EditorResources/SmallFont.uasset" 360
"../../../Engine/Content/EditorResources/SmallFont.uexp" 361
"../../../Engine/Content/EditorResources/S_Player.uasset" 362
"../../../Engine/Content/EditorResources/S_Player.uexp" 363
"../../../Engine/Content/EditorResources/S_Player.ubulk" 364
"../../../Engine/Content/EditorResources/S_KPrismatic.uasset" 365
"../../../Engine/Content/EditorResources/S_KPrismatic.uexp" 366
"../../../Engine/Content/EditorResources/S_KPrismatic.ubulk" 367
"../../../Engine/Content/EditorResources/S_Note.uasset" 368
"../../../Engine/Content/EditorResources/S_Note.uexp" 369
"../../../Engine/Content/EditorResources/S_Note.ubulk" 370
"../../../Engine/Content/EditorResources/S_VectorFieldVol.uasset" 371
"../../../Engine/Content/EditorResources/S_VectorFieldVol.uexp" 372
"../../../Engine/Content/EditorResources/S_VectorFieldVol.ubulk" 373
"../../../Engine/Content/EditorResources/S_CameraShakeSource.uasset" 374
"../../../Engine/Content/EditorResources/S_CameraShakeSource.uexp" 375
"../../../Engine/Content/EditorResources/S_Solver.uasset" 376
"../../../Engine/Content/EditorResources/S_Solver.uexp" 377
"../../../Engine/Content/EditorResources/S_Solver.ubulk" 378
"../../../Engine/Content/EditorResources/S_NavP.uasset" 379
"../../../Engine/Content/EditorResources/S_NavP.uexp" 380
"../../../Engine/Content/EditorResources/S_NavP.ubulk" 381
"../../../Engine/Content/EditorResources/S_KHinge.uasset" 382
"../../../Engine/Content/EditorResources/S_KHinge.uexp" 383
"../../../Engine/Content/EditorResources/S_KHinge.ubulk" 384
"../../../Engine/Content/EditorResources/S_ExpoHeightFog.uasset" 385
"../../../Engine/Content/EditorResources/S_ExpoHeightFog.uexp" 386
"../../../Engine/Content/EditorResources/S_ExpoHeightFog.ubulk" 387
"../../../Engine/Content/EditorResources/S_FTest.uasset" 388
"../../../Engine/Content/EditorResources/S_FTest.uexp" 389
"../../../Engine/Content/EditorResources/S_PortalActorIcon2.uasset" 390
"../../../Engine/Content/EditorResources/S_PortalActorIcon2.uexp" 391
"../../../Engine/Content/EditorResources/S_PortalActorIcon2.ubulk" 392
"../../../Engine/Content/EditorResources/SceneManager.uasset" 393
"../../../Engine/Content/EditorResources/SceneManager.uexp" 394
"../../../Engine/Content/EditorResources/SceneManager.ubulk" 395
"../../../Engine/Content/EditorResources/S_TextRenderActorIcon.uasset" 396
"../../../Engine/Content/EditorResources/S_TextRenderActorIcon.uexp" 397
"../../../Engine/Content/EditorResources/S_TextRenderActorIcon.ubulk" 398
"../../../Engine/Content/EditorResources/S_RadForce.uasset" 399
"../../../Engine/Content/EditorResources/S_RadForce.uexp" 400
"../../../Engine/Content/EditorResources/S_RadForce.ubulk" 401
"../../../Engine/Content/EditorResources/S_Terrain.uasset" 402
"../../../Engine/Content/EditorResources/S_Terrain.uexp" 403
"../../../Engine/Content/EditorResources/S_Terrain.ubulk" 404
"../../../Engine/Content/EditorResources/S_Trigger.uasset" 405
"../../../Engine/Content/EditorResources/S_Trigger.uexp" 406
"../../../Engine/Content/EditorResources/S_Trigger.ubulk" 407
"../../../Engine/Content/EditorResources/S_VolumetricCloud.uasset" 408
"../../../Engine/Content/EditorResources/S_VolumetricCloud.uexp" 409
"../../../Engine/Content/EditorResources/S_VolumetricCloud.ubulk" 410
"../../../Engine/Content/EditorResources/S_Actor.uasset" 411
"../../../Engine/Content/EditorResources/S_Actor.uexp" 412
"../../../Engine/Content/EditorResources/S_Actor.ubulk" 413
"../../../Engine/Content/EditorResources/EmptyActor.uasset" 414
"../../../Engine/Content/EditorResources/EmptyActor.uexp" 415
"../../../Engine/Content/EditorResources/BSPVertex.uasset" 416
"../../../Engine/Content/EditorResources/BSPVertex.uexp" 417
"../../../Engine/Content/EditorResources/MatInstActSprite.uasset" 418
"../../../Engine/Content/EditorResources/MatInstActSprite.uexp" 419
"../../../Engine/Content/EditorResources/MatInstActSprite.ubulk" 420
"../../../Engine/Content/EditorResources/SequenceRecorder/Countdown.uasset" 421
"../../../Engine/Content/EditorResources/SequenceRecorder/Countdown.uexp" 422
"../../../Engine/Content/EditorResources/SequenceRecorder/RecordingIndicator.uasset" 423
"../../../Engine/Content/EditorResources/SequenceRecorder/RecordingIndicator.uexp" 424
"../../../Engine/Content/EditorResources/AI/S_NavLink.uasset" 425
"../../../Engine/Content/EditorResources/AI/S_NavLink.uexp" 426
"../../../Engine/Content/EditorResources/Spline/T_Loft_Spline.uasset" 427
"../../../Engine/Content/EditorResources/Spline/T_Loft_Spline.uexp" 428
"../../../Engine/Content/EditorResources/LightIcons/S_LightError.uasset" 429
"../../../Engine/Content/EditorResources/LightIcons/S_LightError.uexp" 430
"../../../Engine/Content/EditorResources/LightIcons/S_LightSpot.uasset" 431
"../../../Engine/Content/EditorResources/LightIcons/S_LightSpot.uexp" 432
"../../../Engine/Content/EditorResources/LightIcons/S_LightSpotMove.uasset" 433
"../../../Engine/Content/EditorResources/LightIcons/S_LightSpotMove.uexp" 434
"../../../Engine/Content/EditorResources/LightIcons/SkyLight.uasset" 435
"../../../Engine/Content/EditorResources/LightIcons/SkyLight.uexp" 436
"../../../Engine/Content/EditorResources/LightIcons/S_LightPoint.uasset" 437
"../../../Engine/Content/EditorResources/LightIcons/S_LightPoint.uexp" 438
"../../../Engine/Content/EditorResources/LightIcons/S_LightPointMove.uasset" 439
"../../../Engine/Content/EditorResources/LightIcons/S_LightPointMove.uexp" 440
"../../../Engine/Content/EditorResources/LightIcons/S_LightDirectional.uasset" 441
"../../../Engine/Content/EditorResources/LightIcons/S_LightDirectional.uexp" 442
"../../../Engine/Content/EditorResources/LightIcons/S_LightDirectionalMove.uasset" 443
"../../../Engine/Content/EditorResources/LightIcons/S_LightDirectionalMove.uexp" 444
"../../../Engine/Content/EngineMaterials/DefaultMaterial.uasset" 445
"../../../Engine/Content/EngineMaterials/DefaultMaterial.uexp" 446
"../../../Engine/Content/BasicShapes/Cone.uasset" 447
"../../../Engine/Content/BasicShapes/Cone.uexp" 448
"../../../Engine/Content/BasicShapes/Cube.uasset" 449
"../../../Engine/Content/BasicShapes/Cube.uexp" 450
"../../../Engine/Content/BasicShapes/Plane.uasset" 451
"../../../Engine/Content/BasicShapes/Plane.uexp" 452
"../../../Engine/Content/BasicShapes/Sphere.uasset" 453
"../../../Engine/Content/BasicShapes/Sphere.uexp" 454
"../../../Engine/Content/Functions/Engine_MaterialFunctions02/Utility/MakeFloat2.uasset" 455
"../../../Engine/Content/Functions/Engine_MaterialFunctions02/Utility/MakeFloat2.uexp" 456
"../../../Engine/Content/Functions/Engine_MaterialFunctions02/ScreenResolution.uasset" 457
"../../../Engine/Content/Functions/Engine_MaterialFunctions02/ScreenResolution.uexp" 458
"../../../Engine/Content/Functions/Engine_MaterialFunctions01/Texturing/ScaleUVsByCenter.uasset" 459
"../../../Engine/Content/Functions/Engine_MaterialFunctions01/Texturing/ScaleUVsByCenter.uexp" 460
"../../../Engine/Content/Functions/Engine_MaterialFunctions02/Texturing/ScreenAlignedUVs.uasset" 461
"../../../Engine/Content/Functions/Engine_MaterialFunctions02/Texturing/ScreenAlignedUVs.uexp" 462
"../../../Engine/Content/EngineMaterials/MiniFont.uasset" 463
"../../../Engine/Content/EngineMaterials/MiniFont.uexp" 464
"../../../Engine/Content/BufferVisualization/CustomStencil.uasset" 465
"../../../Engine/Content/BufferVisualization/CustomStencil.uexp" 466
"../../../Engine/Content/BufferVisualization/LightingModel.uasset" 467
"../../../Engine/Content/BufferVisualization/LightingModel.uexp" 468
"../../../Engine/Content/BufferVisualization/SubsurfaceColor.uasset" 469
"../../../Engine/Content/BufferVisualization/SubsurfaceColor.uexp" 470
"../../../Engine/Content/BufferVisualization/WorldNormal.uasset" 471
"../../../Engine/Content/BufferVisualization/WorldNormal.uexp" 472
"../../../Engine/Content/Functions/Engine_MaterialFunctions02/Utility/VectorLength.uasset" 473
"../../../Engine/Content/Functions/Engine_MaterialFunctions02/Utility/VectorLength.uexp" 474
"../../../Engine/Content/BufferVisualization/SceneDepthWorldUnits.uasset" 475
"../../../Engine/Content/BufferVisualization/SceneDepthWorldUnits.uexp" 476
"../../../Engine/Content/BufferVisualization/Opacity.uasset" 477
"../../../Engine/Content/BufferVisualization/Opacity.uexp" 478
"../../../Engine/Content/BufferVisualization/SeparateTranslucencyRGB.uasset" 479
"../../../Engine/Content/BufferVisualization/SeparateTranslucencyRGB.uexp" 480
"../../../Engine/Content/BufferVisualization/BaseColor.uasset" 481
"../../../Engine/Content/BufferVisualization/BaseColor.uexp" 482
"../../../Engine/Content/BufferVisualization/Metallic.uasset" 483
"../../../Engine/Content/BufferVisualization/Metallic.uexp" 484
"../../../Engine/Content/BufferVisualization/Velocity.uasset" 485
"../../../Engine/Content/BufferVisualization/Velocity.uexp" 486
"../../../Engine/Content/BufferVisualization/MaterialAO.uasset" 487
"../../../Engine/Content/BufferVisualization/MaterialAO.uexp" 488
"../../../Engine/Content/BufferVisualization/SeparateTranslucencyA.uasset" 489
"../../../Engine/Content/BufferVisualization/SeparateTranslucencyA.uexp" 490
"../../../Engine/Content/BufferVisualization/SceneDepth.uasset" 491
"../../../Engine/Content/BufferVisualization/SceneDepth.uexp" 492
"../../../Engine/Content/BufferVisualization/WorldTangent.uasset" 493
"../../../Engine/Content/BufferVisualization/WorldTangent.uexp" 494
"../../../Engine/Content/BufferVisualization/Specular.uasset" 495
"../../../Engine/Content/BufferVisualization/Specular.uexp" 496
"../../../Engine/Content/Functions/Engine_MaterialFunctions02/Utility/AppendMany.uasset" 497
"../../../Engine/Content/Functions/Engine_MaterialFunctions02/Utility/AppendMany.uexp" 498
"../../../Engine/Content/BufferVisualization/Anisotropy.uasset" 499
"../../../Engine/Content/BufferVisualization/Anisotropy.uexp" 500
"../../../Engine/Content/BufferVisualization/PostTonemapHDRColor.uasset" 501
"../../../Engine/Content/BufferVisualization/PostTonemapHDRColor.uexp" 502
"../../../Engine/Content/BufferVisualization/SceneColor.uasset" 503
"../../../Engine/Content/BufferVisualization/SceneColor.uexp" 504
"../../../Engine/Content/BufferVisualization/PreTonemapHDRColor.uasset" 505
"../../../Engine/Content/BufferVisualization/PreTonemapHDRColor.uexp" 506
"../../../Engine/Content/BufferVisualization/FinalImage.uasset" 507
"../../../Engine/Content/BufferVisualization/FinalImage.uexp" 508
"../../../Engine/Content/EngineMaterials/DefaultPhysicalMaterial.uasset" 509
"../../../Engine/Content/EngineMaterials/DefaultPhysicalMaterial.uexp" 510
"../../../Engine/Content/BufferVisualization/AmbientOcclusion.uasset" 511
"../../../Engine/Content/BufferVisualization/AmbientOcclusion.uexp" 512
"../../../Engine/Content/BufferVisualization/CustomDepth.uasset" 513
"../../../Engine/Content/BufferVisualization/CustomDepth.uexp" 514
"../../../Engine/Content/BufferVisualization/Roughness.uasset" 515
"../../../Engine/Content/BufferVisualization/Roughness.uexp" 516
"../../../Engine/Content/BufferVisualization/CustomDepthWorldUnits.uasset" 517
"../../../Engine/Content/BufferVisualization/CustomDepthWorldUnits.uexp" 518
"../../../Engine/Content/Functions/Engine_MaterialFunctions01/Shading/PowerToRoughness.uasset" 519
"../../../Engine/Content/Functions/Engine_MaterialFunctions01/Shading/PowerToRoughness.uexp" 520
"../../../Engine/Content/EditorMaterials/Tick.uasset" 521
"../../../Engine/Content/EditorMaterials/Tick.uexp" 522
"../../../Engine/Content/EditorMaterials/Tick_Mat.uasset" 523
"../../../Engine/Content/EditorMaterials/Tick_Mat.uexp" 524
"../../../Engine/Content/EditorMaterials/WidgetMaterial_X.uasset" 525
"../../../Engine/Content/EditorMaterials/WidgetMaterial_X.uexp" 526
"../../../Engine/Content/EditorMaterials/WidgetMaterial_Z.uasset" 527
"../../../Engine/Content/EditorMaterials/WidgetMaterial_Z.uexp" 528
"../../../Engine/Content/EditorMaterials/PreviewShadowIndicator.uasset" 529
"../../../Engine/Content/EditorMaterials/PreviewShadowIndicator.uexp" 530
"../../../Engine/Content/EditorMaterials/PreviewShadowIndicator.ubulk" 531
"../../../Engine/Content/EditorMaterials/PreviewShadowIndicatorMaterial.uasset" 532
"../../../Engine/Content/EditorMaterials/PreviewShadowIndicatorMaterial.uexp" 533
"../../../Engine/Content/EditorMaterials/WidgetMaterial.uasset" 534
"../../../Engine/Content/EditorMaterials/WidgetMaterial.uexp" 535
"../../../Engine/Content/EditorMaterials/PhAT_NoCollisionMaterial.uasset" 536
"../../../Engine/Content/EditorMaterials/PhAT_NoCollisionMaterial.uexp" 537
"../../../Engine/Content/EditorMaterials/PhAT_BoneSelectedMaterial.uasset" 538
"../../../Engine/Content/EditorMaterials/PhAT_BoneSelectedMaterial.uexp" 539
"../../../Engine/Content/EditorMaterials/Cross.uasset" 540
"../../../Engine/Content/EditorMaterials/Cross.uexp" 541
"../../../Engine/Content/EditorMaterials/Cross_Mat.uasset" 542
"../../../Engine/Content/EditorMaterials/Cross_Mat.uexp" 543
"../../../Engine/Content/EditorResources/T_EditorHelp.uasset" 544
"../../../Engine/Content/EditorResources/T_EditorHelp.uexp" 545
"../../../Engine/Content/EditorResources/T_EditorHelp.ubulk" 546
"../../../Engine/Content/Functions/Engine_MaterialFunctions02/Utility/Sign.uasset" 547
"../../../Engine/Content/Functions/Engine_MaterialFunctions02/Utility/Sign.uexp" 548
"../../../Engine/Content/Functions/Engine_MaterialFunctions02/Utility/Round.uasset" 549
"../../../Engine/Content/Functions/Engine_MaterialFunctions02/Utility/Round.uexp" 550
"../../../Engine/Content/Functions/Engine_MaterialFunctions02/ExampleContent/Textures/DebugNumberPeriod.uasset" 551
"../../../Engine/Content/Functions/Engine_MaterialFunctions02/ExampleContent/Textures/DebugNumberPeriod.uexp" 552
"../../../Engine/Content/Functions/Engine_MaterialFunctions02/ExampleContent/DebugNumberStrip.uasset" 553
"../../../Engine/Content/Functions/Engine_MaterialFunctions02/ExampleContent/DebugNumberStrip.uexp" 554
"../../../Engine/Content/Functions/Engine_MaterialFunctions01/Texturing/ComputeMipLevel.uasset" 555
"../../../Engine/Content/Functions/Engine_MaterialFunctions01/Texturing/ComputeMipLevel.uexp" 556
"../../../Engine/Content/Functions/Engine_MaterialFunctions01/Texturing/TextureCropping.uasset" 557
"../../../Engine/Content/Functions/Engine_MaterialFunctions01/Texturing/TextureCropping.uexp" 558
"../../../Engine/Content/Functions/Engine_MaterialFunctions02/Utility/DebugScalarValues.uasset" 559
"../../../Engine/Content/Functions/Engine_MaterialFunctions02/Utility/DebugScalarValues.uexp" 560
"../../../Engine/Content/Functions/Engine_MaterialFunctions02/Utility/DebugFloat2Values.uasset" 561
"../../../Engine/Content/Functions/Engine_MaterialFunctions02/Utility/DebugFloat2Values.uexp" 562
"../../../Engine/Content/Functions/Engine_MaterialFunctions02/ExampleContent/Textures/flipbook.uasset" 563
"../../../Engine/Content/Functions/Engine_MaterialFunctions02/ExampleContent/Textures/flipbook.uexp" 564
"../../../Engine/Content/Functions/Engine_MaterialFunctions02/ExampleContent/Textures/flipbook.ubulk" 565
"../../../Engine/Content/Functions/Engine_MaterialFunctions02/Texturing/FlipBook.uasset" 566
"../../../Engine/Content/Functions/Engine_MaterialFunctions02/Texturing/FlipBook.uexp" 567
"../../../Engine/Content/EditorMaterials/HelpActorMaterial.uasset" 568
"../../../Engine/Content/EditorMaterials/HelpActorMaterial.uexp" 569
"../../../Engine/Content/EditorMaterials/WidgetMaterial_Y.uasset" 570
"../../../Engine/Content/EditorMaterials/WidgetMaterial_Y.uexp" 571
"../../../Engine/Content/EditorMaterials/TargetIcon.uasset" 572
"../../../Engine/Content/EditorMaterials/TargetIcon.uexp" 573
"../../../Engine/Content/EditorMaterials/TargetIcon.ubulk" 574
"../../../Engine/Content/EditorMaterials/WidgetVertexColorMaterial.uasset" 575
"../../../Engine/Content/EditorMaterials/WidgetVertexColorMaterial.uexp" 576
"../../../Engine/Content/EditorMaterials/WidgetMaterial_Current.uasset" 577
"../../../Engine/Content/EditorMaterials/WidgetMaterial_Current.uexp" 578
"../../../Engine/Content/EditorMaterials/TilingAALineIntegral.uasset" 579
"../../../Engine/Content/EditorMaterials/TilingAALineIntegral.uexp" 580
"../../../Engine/Content/EditorMaterials/TilingAALineBoxFiltered.uasset" 581
"../../../Engine/Content/EditorMaterials/TilingAALineBoxFiltered.uexp" 582
"../../../Engine/Content/EngineMaterials/BlendFunc_DefBlend.uasset" 583
"../../../Engine/Content/EngineMaterials/BlendFunc_DefBlend.uexp" 584
"../../../Engine/Content/EngineMaterials/BlendFunc_DefBase.uasset" 585
"../../../Engine/Content/EngineMaterials/BlendFunc_DefBase.uexp" 586
"../../../Engine/Content/Functions/Engine_MaterialFunctions03/Blends/Blend_Screen.uasset" 587
"../../../Engine/Content/Functions/Engine_MaterialFunctions03/Blends/Blend_Screen.uexp" 588
"../../../Engine/Content/Functions/Engine_MaterialFunctions03/Procedurals/ComputeFilterWidth.uasset" 589
"../../../Engine/Content/Functions/Engine_MaterialFunctions03/Procedurals/ComputeFilterWidth.uexp" 590
"../../../Engine/Content/EditorMaterials/TilingAAGrid.uasset" 591
"../../../Engine/Content/EditorMaterials/TilingAAGrid.uexp" 592
"../../../Engine/Content/EditorMaterials/CompositeARGBLayer.uasset" 593
"../../../Engine/Content/EditorMaterials/CompositeARGBLayer.uexp" 594
"../../../Engine/Content/EditorMaterials/TilingAADots.uasset" 595
"../../../Engine/Content/EditorMaterials/TilingAADots.uexp" 596
"../../../Engine/Content/EditorMaterials/LevelGridMaterial.uasset" 597
"../../../Engine/Content/EditorMaterials/LevelGridMaterial.uexp" 598
"../../../Engine/Content/EditorMaterials/MAT_Groups_Toggle.uasset" 599
"../../../Engine/Content/EditorMaterials/MAT_Groups_Toggle.uexp" 600
"../../../Engine/Content/EditorMaterials/PhAT_ElemSelectedMaterial.uasset" 601
"../../../Engine/Content/EditorMaterials/PhAT_ElemSelectedMaterial.uexp" 602
"../../../Engine/Content/EditorMaterials/WidgetGridVertexColorMaterial.uasset" 603
"../../../Engine/Content/EditorMaterials/WidgetGridVertexColorMaterial.uexp" 604
"../../../Engine/Content/EditorMaterials/WidgetGridVertexColorMaterial.ubulk" 605
"../../../Engine/Content/EditorMaterials/WidgetGridVertexColorMaterial_Ma.uasset" 606
"../../../Engine/Content/EditorMaterials/WidgetGridVertexColorMaterial_Ma.uexp" 607
"../../../Engine/Content/EditorMaterials/PhAT_UnselectedMaterial.uasset" 608
"../../../Engine/Content/EditorMaterials/PhAT_UnselectedMaterial.uexp" 609
"../../../Engine/Content/EditorMaterials/MAT_Groups_Visibility.uasset" 610
"../../../Engine/Content/EditorMaterials/MAT_Groups_Visibility.uexp" 611
"../../../Engine/Content/EditorResources/LevelGrid1DStripes.uasset" 612
"../../../Engine/Content/EditorResources/LevelGrid1DStripes.uexp" 613
"../../../Engine/Content/EditorMaterials/TextureGridCascaded1D.uasset" 614
"../../../Engine/Content/EditorMaterials/TextureGridCascaded1D.uexp" 615
"../../../Engine/Content/EditorMaterials/TextureGridCascaded2D.uasset" 616
"../../../Engine/Content/EditorMaterials/TextureGridCascaded2D.uexp" 617
"../../../Engine/Content/EditorMaterials/MakeCompositeARGBLayer.uasset" 618
"../../../Engine/Content/EditorMaterials/MakeCompositeARGBLayer.uexp" 619
"../../../Engine/Content/EditorMaterials/LevelGridMaterial2.uasset" 620
"../../../Engine/Content/EditorMaterials/LevelGridMaterial2.uexp" 621
"../../../Engine/Content/EditorMaterials/ParticleSystems/PSysThumbnail_NoImage.uasset" 622
"../../../Engine/Content/EditorMaterials/ParticleSystems/PSysThumbnail_NoImage.uexp" 623
"../../../Engine/Content/EditorMaterials/ParticleSystems/PSysThumbnail_NoImage.ubulk" 624
"../../../Engine/Content/EditorMaterials/ParticleSystems/PSysThumbnail_OOD.uasset" 625
"../../../Engine/Content/EditorMaterials/ParticleSystems/PSysThumbnail_OOD.uexp" 626
"../../../Engine/Content/EditorMaterials/ParticleSystems/PSysThumbnail_OOD.ubulk" 627
"../../../Engine/Content/EditorMaterials/MatineeGroups/MAT_Groups_Vector.uasset" 628
"../../../Engine/Content/EditorMaterials/MatineeGroups/MAT_Groups_Vector.uexp" 629
"../../../Engine/Content/EditorMaterials/MatineeGroups/MAT_ColorTrack.uasset" 630
"../../../Engine/Content/EditorMaterials/MatineeGroups/MAT_ColorTrack.uexp" 631
"../../../Engine/Content/EditorMaterials/MatineeGroups/MAT_Groups_AudioMaster.uasset" 632
"../../../Engine/Content/EditorMaterials/MatineeGroups/MAT_Groups_AudioMaster.uexp" 633
"../../../Engine/Content/EditorMaterials/MatineeGroups/MAT_Groups_Sound.uasset" 634
"../../../Engine/Content/EditorMaterials/MatineeGroups/MAT_Groups_Sound.uexp" 635
"../../../Engine/Content/EditorMaterials/MatineeGroups/MAT_Groups_Float.uasset" 636
"../../../Engine/Content/EditorMaterials/MatineeGroups/MAT_Groups_Float.uexp" 637
"../../../Engine/Content/EditorMaterials/MatineeGroups/MAT_Groups_Director.uasset" 638
"../../../Engine/Content/EditorMaterials/MatineeGroups/MAT_Groups_Director.uexp" 639
"../../../Engine/Content/EditorMaterials/MatineeGroups/MAT_Groups_Move.uasset" 640
"../../../Engine/Content/EditorMaterials/MatineeGroups/MAT_Groups_Move.uexp" 641
"../../../Engine/Content/EditorMaterials/MatineeGroups/MAT_Groups_Event.uasset" 642
"../../../Engine/Content/EditorMaterials/MatineeGroups/MAT_Groups_Event.uexp" 643
"../../../Engine/Content/EditorMaterials/MatineeGroups/MAT_Groups_Fade.uasset" 644
"../../../Engine/Content/EditorMaterials/MatineeGroups/MAT_Groups_Fade.uexp" 645
"../../../Engine/Content/EditorMaterials/MatineeGroups/MAT_Groups_Anim.uasset" 646
"../../../Engine/Content/EditorMaterials/MatineeGroups/MAT_Groups_Anim.uexp" 647
"../../../Engine/Content/EditorMaterials/MatineeGroups/MAT_Groups_Slomo.uasset" 648
"../../../Engine/Content/EditorMaterials/MatineeGroups/MAT_Groups_Slomo.uexp" 649
"../../../Engine/Content/EngineMaterials/Grid.uasset" 650
"../../../Engine/Content/EngineMaterials/Grid.uexp" 651
"../../../Engine/Content/EngineMaterials/Grid.ubulk" 652
"../../../Engine/Content/EditorMaterials/Thumbnails/FloorPlaneMaterial.uasset" 653
"../../../Engine/Content/EditorMaterials/Thumbnails/FloorPlaneMaterial.uexp" 654
"../../../Engine/Content/EngineSounds/Master.uasset" 655
"../../../Engine/Content/EngineSounds/Master.uexp" 656
"../../../Engine/Content/EngineMeshes/Cylinder.uasset" 657
"../../../Engine/Content/EngineMeshes/Cylinder.uexp" 658
"../../../Engine/Content/EngineMeshes/Sphere.uasset" 659
"../../../Engine/Content/EngineMeshes/Sphere.uexp" 660
"../../../Engine/Content/EngineSky/VolumetricClouds/CloudWeatherTexture.uasset" 661
"../../../Engine/Content/EngineSky/VolumetricClouds/CloudWeatherTexture.uexp" 662
"../../../Engine/Content/EngineSky/VolumetricClouds/T_NoiseShape64.uasset" 663
"../../../Engine/Content/EngineSky/VolumetricClouds/T_NoiseShape64.uexp" 664
"../../../Engine/Content/EngineSky/VolumetricClouds/T_NoiseShape64.ubulk" 665
"../../../Engine/Content/EngineSky/VolumetricClouds/T_VolumeNoiseShape64.uasset" 666
"../../../Engine/Content/EngineSky/VolumetricClouds/T_VolumeNoiseShape64.uexp" 667
"../../../Engine/Content/EngineSky/VolumetricClouds/T_NoiseErosion.uasset" 668
"../../../Engine/Content/EngineSky/VolumetricClouds/T_NoiseErosion.uexp" 669
"../../../Engine/Content/EngineSky/VolumetricClouds/T_NoiseErosion.ubulk" 670
"../../../Engine/Content/EngineSky/VolumetricClouds/T_VolumeNoiseErosion32.uasset" 671
"../../../Engine/Content/EngineSky/VolumetricClouds/T_VolumeNoiseErosion32.uexp" 672
"../../../Engine/Content/EngineSky/VolumetricClouds/CloudGradientTexture.uasset" 673
"../../../Engine/Content/EngineSky/VolumetricClouds/CloudGradientTexture.uexp" 674
"../../../Engine/Content/EngineSky/VolumetricClouds/m_SimpleVolumetricCloud.uasset" 675
"../../../Engine/Content/EngineSky/VolumetricClouds/m_SimpleVolumetricCloud.uexp" 676
"../../../Engine/Content/EngineSky/VolumetricClouds/m_SimpleVolumetricCloud_Inst.uasset" 677
"../../../Engine/Content/EngineSky/VolumetricClouds/m_SimpleVolumetricCloud_Inst.uexp" 678
"../../../Engine/Content/VREditor/TransformGizmo/TranslucentTransformGizmoMaterial.uasset" 679
"../../../Engine/Content/VREditor/TransformGizmo/TranslucentTransformGizmoMaterial.uexp" 680
"../../../Engine/Content/VREditor/LaserPointer/VR_LaserPower_01.uasset" 681
"../../../Engine/Content/VREditor/LaserPointer/VR_LaserPower_01.uexp" 682
"../../../Engine/Content/VREditor/LaserPointer/VR_LaserPower_01.ubulk" 683
"../../../Engine/Content/VREditor/TransformGizmo/TransformGizmoMaterial.uasset" 684
"../../../Engine/Content/VREditor/TransformGizmo/TransformGizmoMaterial.uexp" 685
"../../../Engine/Content/VREditor/TransformGizmo/PlaneTranslationHandle.uasset" 686
"../../../Engine/Content/VREditor/TransformGizmo/PlaneTranslationHandle.uexp" 687
"../../../Engine/Content/VREditor/TransformGizmo/Xray.uasset" 688
"../../../Engine/Content/VREditor/TransformGizmo/Xray.uexp" 689
"../../../Engine/Content/VREditor/TransformGizmo/Main.uasset" 690
"../../../Engine/Content/VREditor/TransformGizmo/Main.uexp" 691
"../../../Engine/Content/VREditor/TransformGizmo/SM_Sequencer_Key.uasset" 692
"../../../Engine/Content/VREditor/TransformGizmo/SM_Sequencer_Key.uexp" 693
"../../../Engine/Content/VREditor/TransformGizmo/BoundingBoxCorner.uasset" 694
"../../../Engine/Content/VREditor/TransformGizmo/BoundingBoxCorner.uexp" 695
"../../../Engine/Content/VREditor/TransformGizmo/SM_Sequencer_Node.uasset" 696
"../../../Engine/Content/VREditor/TransformGizmo/SM_Sequencer_Node.uexp" 697
"../../../Engine/Content/VREditor/TransformGizmo/BoundingBoxEdge.uasset" 698
"../../../Engine/Content/VREditor/TransformGizmo/BoundingBoxEdge.uexp" 699
"../../../Engine/Content/MapTemplates/Sky/DaylightAmbientCubemap.uasset" 700
"../../../Engine/Content/MapTemplates/Sky/DaylightAmbientCubemap.uexp" 701
"/Users/Lewis/Documents/Unreal Projects/HorrorGame/Content/UI/crosshair.uasset" 702
"/Users/Lewis/Documents/Unreal Projects/HorrorGame/Content/UI/crosshair.uexp" 703
"/Users/Lewis/Documents/Unreal Projects/HorrorGame/Content/Blueprints/BP_MyHorrorHUD.uasset" 704
"/Users/Lewis/Documents/Unreal Projects/HorrorGame/Content/Blueprints/BP_MyHorrorHUD.uexp" 705
"/Users/Lewis/Documents/Unreal Projects/HorrorGame/Content/FPS_Weapon_Bundle/Weapons/Meshes/AR4/SK_AR4_X_Physics.uasset" 706
"/Users/Lewis/Documents/Unreal Projects/HorrorGame/Content/FPS_Weapon_Bundle/Weapons/Meshes/AR4/SK_AR4_X_Physics.uexp" 707
"/Users/Lewis/Documents/Unreal Projects/HorrorGame/Content/FPS_Weapon_Bundle/Weapons/Meshes/AR4/SK_AR4_X_Skeleton.uasset" 708
"/Users/Lewis/Documents/Unreal Projects/HorrorGame/Content/FPS_Weapon_Bundle/Weapons/Meshes/AR4/SK_AR4_X_Skeleton.uexp" 709
"/Users/Lewis/Documents/Unreal Projects/HorrorGame/Content/FPS_Weapon_Bundle/Weapons/Textures/Patterns/T_Stripes__Pattern.uasset" 710
"/Users/Lewis/Documents/Unreal Projects/HorrorGame/Content/FPS_Weapon_Bundle/Weapons/Textures/Patterns/T_Stripes__Pattern.uexp" 711
"/Users/Lewis/Documents/Unreal Projects/HorrorGame/Content/FPS_Weapon_Bundle/Weapons/Textures/Patterns/T_Stripes__Pattern.ubulk" 712
"/Users/Lewis/Documents/Unreal Projects/HorrorGame/Content/FPS_Weapon_Bundle/Weapons/Textures/KA74U/T_KA74U_M_MSK.uasset" 713
"/Users/Lewis/Documents/Unreal Projects/HorrorGame/Content/FPS_Weapon_Bundle/Weapons/Textures/KA74U/T_KA74U_M_MSK.uexp" 714
"/Users/Lewis/Documents/Unreal Projects/HorrorGame/Content/FPS_Weapon_Bundle/Weapons/Textures/KA74U/T_KA74U_M_MSK.ubulk" 715
"/Users/Lewis/Documents/Unreal Projects/HorrorGame/Content/FPS_Weapon_Bundle/Weapons/Textures/KA74U/T_KA74U_NRM.uasset" 716
"/Users/Lewis/Documents/Unreal Projects/HorrorGame/Content/FPS_Weapon_Bundle/Weapons/Textures/KA74U/T_KA74U_NRM.uexp" 717
"/Users/Lewis/Documents/Unreal Projects/HorrorGame/Content/FPS_Weapon_Bundle/Weapons/Textures/KA74U/T_KA74U_NRM.ubulk" 718
"/Users/Lewis/Documents/Unreal Projects/HorrorGame/Content/FPS_Weapon_Bundle/Weapons/Textures/KA74U/T_KA74U_ALB.uasset" 719
"/Users/Lewis/Documents/Unreal Projects/HorrorGame/Content/FPS_Weapon_Bundle/Weapons/Textures/KA74U/T_KA74U_ALB.uexp" 720
"/Users/Lewis/Documents/Unreal Projects/HorrorGame/Content/FPS_Weapon_Bundle/Weapons/Textures/KA74U/T_KA74U_ALB.ubulk" 721
"/Users/Lewis/Documents/Unreal Projects/HorrorGame/Content/FPS_Weapon_Bundle/Weapons/Materials/Master_Material/M_Weapon_Master_USE.uasset" 722
"/Users/Lewis/Documents/Unreal Projects/HorrorGame/Content/FPS_Weapon_Bundle/Weapons/Materials/Master_Material/M_Weapon_Master_USE.uexp" 723
"/Users/Lewis/Documents/Unreal Projects/HorrorGame/Content/FPS_Weapon_Bundle/Weapons/Textures/Ammunition/T_762x39_M_MSK.uasset" 724
"/Users/Lewis/Documents/Unreal Projects/HorrorGame/Content/FPS_Weapon_Bundle/Weapons/Textures/Ammunition/T_762x39_M_MSK.uexp" 725
"/Users/Lewis/Documents/Unreal Projects/HorrorGame/Content/FPS_Weapon_Bundle/Weapons/Textures/Ammunition/T_762x39_M_MSK.ubulk" 726
"/Users/Lewis/Documents/Unreal Projects/HorrorGame/Content/FPS_Weapon_Bundle/Weapons/Textures/Ammunition/T_762x39_ALB.uasset" 727
"/Users/Lewis/Documents/Unreal Projects/HorrorGame/Content/FPS_Weapon_Bundle/Weapons/Textures/Ammunition/T_762x39_ALB.uexp" 728
"/Users/Lewis/Documents/Unreal Projects/HorrorGame/Content/FPS_Weapon_Bundle/Weapons/Textures/Ammunition/T_762x39_ALB.ubulk" 729
"/Users/Lewis/Documents/Unreal Projects/HorrorGame/Content/FPS_Weapon_Bundle/Weapons/Textures/Ammunition/T_762x39_NRM.uasset" 730
"/Users/Lewis/Documents/Unreal Projects/HorrorGame/Content/FPS_Weapon_Bundle/Weapons/Textures/Ammunition/T_762x39_NRM.uexp" 731
"/Users/Lewis/Documents/Unreal Projects/HorrorGame/Content/FPS_Weapon_Bundle/Weapons/Textures/Ammunition/T_762x39_NRM.ubulk" 732
"/Users/Lewis/Documents/Unreal Projects/HorrorGame/Content/FPS_Weapon_Bundle/Weapons/Materials/Ammunition/M_762x39_Empty.uasset" 733
"/Users/Lewis/Documents/Unreal Projects/HorrorGame/Content/FPS_Weapon_Bundle/Weapons/Materials/Ammunition/M_762x39_Empty.uexp" 734
"/Users/Lewis/Documents/Unreal Projects/HorrorGame/Content/FPS_Weapon_Bundle/Weapons/Textures/AR4/T_AR4_M_MSK.uasset" 735
"/Users/Lewis/Documents/Unreal Projects/HorrorGame/Content/FPS_Weapon_Bundle/Weapons/Textures/AR4/T_AR4_M_MSK.uexp" 736
"/Users/Lewis/Documents/Unreal Projects/HorrorGame/Content/FPS_Weapon_Bundle/Weapons/Textures/AR4/T_AR4_M_MSK.ubulk" 737
"/Users/Lewis/Documents/Unreal Projects/HorrorGame/Content/FPS_Weapon_Bundle/Weapons/Textures/AR4/T_AR4_NRM.uasset" 738
"/Users/Lewis/Documents/Unreal Projects/HorrorGame/Content/FPS_Weapon_Bundle/Weapons/Textures/AR4/T_AR4_NRM.uexp" 739
"/Users/Lewis/Documents/Unreal Projects/HorrorGame/Content/FPS_Weapon_Bundle/Weapons/Textures/AR4/T_AR4_NRM.ubulk" 740
"/Users/Lewis/Documents/Unreal Projects/HorrorGame/Content/FPS_Weapon_Bundle/Weapons/Textures/AR4/T_AR4_ALB.uasset" 741
"/Users/Lewis/Documents/Unreal Projects/HorrorGame/Content/FPS_Weapon_Bundle/Weapons/Textures/AR4/T_AR4_ALB.uexp" 742
"/Users/Lewis/Documents/Unreal Projects/HorrorGame/Content/FPS_Weapon_Bundle/Weapons/Textures/AR4/T_AR4_ALB.ubulk" 743
"/Users/Lewis/Documents/Unreal Projects/HorrorGame/Content/FPS_Weapon_Bundle/Weapons/Materials/AR4/M_AR4.uasset" 744
"/Users/Lewis/Documents/Unreal Projects/HorrorGame/Content/FPS_Weapon_Bundle/Weapons/Materials/AR4/M_AR4.uexp" 745
"/Users/Lewis/Documents/Unreal Projects/HorrorGame/Content/FPS_Weapon_Bundle/Weapons/Meshes/AR4/SK_AR4_X.uasset" 746
"/Users/Lewis/Documents/Unreal Projects/HorrorGame/Content/FPS_Weapon_Bundle/Weapons/Meshes/AR4/SK_AR4_X.uexp" 747
"/Users/Lewis/Documents/Unreal Projects/HorrorGame/Content/CharacterMesh/Materials/Soldier_head_diffuse.uasset" 748
"/Users/Lewis/Documents/Unreal Projects/HorrorGame/Content/CharacterMesh/Materials/Soldier_head_diffuse.uexp" 749
"/Users/Lewis/Documents/Unreal Projects/HorrorGame/Content/CharacterMesh/Materials/Soldier_head_diffuse.ubulk" 750
"/Users/Lewis/Documents/Unreal Projects/HorrorGame/Content/CharacterMesh/Materials/Soldier_head_specular.uasset" 751
"/Users/Lewis/Documents/Unreal Projects/HorrorGame/Content/CharacterMesh/Materials/Soldier_head_specular.uexp" 752
"/Users/Lewis/Documents/Unreal Projects/HorrorGame/Content/CharacterMesh/Materials/Soldier_head_specular.ubulk" 753
"/Users/Lewis/Documents/Unreal Projects/HorrorGame/Content/CharacterMesh/Materials/Soldier_head_normal.uasset" 754
"/Users/Lewis/Documents/Unreal Projects/HorrorGame/Content/CharacterMesh/Materials/Soldier_head_normal.uexp" 755
"/Users/Lewis/Documents/Unreal Projects/HorrorGame/Content/CharacterMesh/Materials/Soldier_head_normal.ubulk" 756
"/Users/Lewis/Documents/Unreal Projects/HorrorGame/Content/CharacterMesh/Materials/Soldier_head6.uasset" 757
"/Users/Lewis/Documents/Unreal Projects/HorrorGame/Content/CharacterMesh/Materials/Soldier_head6.uexp" 758
"/Users/Lewis/Documents/Unreal Projects/HorrorGame/Content/CharacterMesh/Materials/Soldier_Body_normal.uasset" 759
"/Users/Lewis/Documents/Unreal Projects/HorrorGame/Content/CharacterMesh/Materials/Soldier_Body_normal.uexp" 760
"/Users/Lewis/Documents/Unreal Projects/HorrorGame/Content/CharacterMesh/Materials/Soldier_Body_normal.ubulk" 761
"/Users/Lewis/Documents/Unreal Projects/HorrorGame/Content/CharacterMesh/Materials/Soldier_Body_diffuse.uasset" 762
"/Users/Lewis/Documents/Unreal Projects/HorrorGame/Content/CharacterMesh/Materials/Soldier_Body_diffuse.uexp" 763
"/Users/Lewis/Documents/Unreal Projects/HorrorGame/Content/CharacterMesh/Materials/Soldier_Body_diffuse.ubulk" 764
"/Users/Lewis/Documents/Unreal Projects/HorrorGame/Content/CharacterMesh/Materials/Soldier_Body_specular.uasset" 765
"/Users/Lewis/Documents/Unreal Projects/HorrorGame/Content/CharacterMesh/Materials/Soldier_Body_specular.uexp" 766
"/Users/Lewis/Documents/Unreal Projects/HorrorGame/Content/CharacterMesh/Materials/Soldier_Body_specular.ubulk" 767
"/Users/Lewis/Documents/Unreal Projects/HorrorGame/Content/CharacterMesh/Materials/Soldier_body1.uasset" 768
"/Users/Lewis/Documents/Unreal Projects/HorrorGame/Content/CharacterMesh/Materials/Soldier_body1.uexp" 769
"/Users/Lewis/Documents/Unreal Projects/HorrorGame/Content/CharacterMesh/swat_Skeleton.uasset" 770
"/Users/Lewis/Documents/Unreal Projects/HorrorGame/Content/CharacterMesh/swat_Skeleton.uexp" 771
"/Users/Lewis/Documents/Unreal Projects/HorrorGame/Content/CharacterMesh/swat_PhysicsAsset.uasset" 772
"/Users/Lewis/Documents/Unreal Projects/HorrorGame/Content/CharacterMesh/swat_PhysicsAsset.uexp" 773
"/Users/Lewis/Documents/Unreal Projects/HorrorGame/Content/CharacterMesh/swat.uasset" 774
"/Users/Lewis/Documents/Unreal Projects/HorrorGame/Content/CharacterMesh/swat.uexp" 775
"/Users/Lewis/Documents/Unreal Projects/HorrorGame/Content/Blueprints/BP_MyHorrorCharacter_LS.uasset" 776
"/Users/Lewis/Documents/Unreal Projects/HorrorGame/Content/Blueprints/BP_MyHorrorCharacter_LS.uexp" 777
"/Users/Lewis/Documents/Unreal Projects/HorrorGame/Content/Blueprints/BP_MyHorrorGameGameModeBase_LS.uasset" 778
"/Users/Lewis/Documents/Unreal Projects/HorrorGame/Content/Blueprints/BP_MyHorrorGameGameModeBase_LS.uexp" 779
"../../../Engine/Plugins/FX/Niagara/Content/Enums/ENiagaraRandomnessMode.uasset" 780
"../../../Engine/Plugins/FX/Niagara/Content/Enums/ENiagaraRandomnessMode.uexp" 781
"../../../Engine/Plugins/FX/Niagara/Content/Icons/S_ParticleSystem.uasset" 782
"../../../Engine/Plugins/FX/Niagara/Content/Icons/S_ParticleSystem.uexp" 783
"../../../Engine/Plugins/FX/Niagara/Content/Icons/S_ParticleSystem.ubulk" 784
"../../../Engine/Content/BasicShapes/Cylinder.uasset" 785
"../../../Engine/Content/BasicShapes/Cylinder.uexp" 786
"../../../Engine/Content/ArtTools/RenderToTexture/Materials/Debug/M_Emissive_Color.uasset" 787
"../../../Engine/Content/ArtTools/RenderToTexture/Materials/Debug/M_Emissive_Color.uexp" 788
"../../../Engine/Plugins/Lumin/MagicLeapPassableWorld/Content/MagicLeapARPinInfoActor.uasset" 789
"../../../Engine/Plugins/Lumin/MagicLeapPassableWorld/Content/MagicLeapARPinInfoActor.uexp" 790
"../../../Engine/Plugins/2D/Paper2D/Content/PlaceholderTextures/DummySpriteTexture.uasset" 791
"../../../Engine/Plugins/2D/Paper2D/Content/PlaceholderTextures/DummySpriteTexture.uexp" 792
"../../../Engine/Plugins/2D/Paper2D/Content/PlaceholderTextures/DummySpriteTexture.ubulk" 793
"../../../Engine/Plugins/2D/Paper2D/Content/DefaultSpriteMaterial.uasset" 794
"../../../Engine/Plugins/2D/Paper2D/Content/DefaultSpriteMaterial.uexp" 795
"../../../Engine/Plugins/2D/Paper2D/Content/OpaqueUnlitSpriteMaterial.uasset" 796
"../../../Engine/Plugins/2D/Paper2D/Content/OpaqueUnlitSpriteMaterial.uexp" 797
"../../../Engine/Plugins/2D/Paper2D/Content/DummySprite.uasset" 798
"../../../Engine/Plugins/2D/Paper2D/Content/DummySprite.uexp" 799
"../../../Engine/Plugins/2D/Paper2D/Content/DefaultPaperTerrainMaterial.uasset" 800
"../../../Engine/Plugins/2D/Paper2D/Content/DefaultPaperTerrainMaterial.uexp" 801
"../../../Engine/Plugins/2D/Paper2D/Content/MaskedUnlitSpriteMaterial.uasset" 802
"../../../Engine/Plugins/2D/Paper2D/Content/MaskedUnlitSpriteMaterial.uexp" 803
"../../../Engine/Plugins/Editor/SpeedTreeImporter/Content/SpeedTree9/EmptyNormal.uasset" 804
"../../../Engine/Plugins/Editor/SpeedTreeImporter/Content/SpeedTree9/EmptyNormal.uexp" 805
"../../../Engine/Plugins/Editor/SpeedTreeImporter/Content/SpeedTree9/Empty.uasset" 806
"../../../Engine/Plugins/Editor/SpeedTreeImporter/Content/SpeedTree9/Empty.uexp" 807
"../../../Engine/Plugins/Editor/SpeedTreeImporter/Content/SpeedTree9/UnpackInteger3.uasset" 808
"../../../Engine/Plugins/Editor/SpeedTreeImporter/Content/SpeedTree9/UnpackInteger3.uexp" 809
"../../../Engine/Plugins/Editor/SpeedTreeImporter/Content/SpeedTree9/SpeedTreeBillboard.uasset" 810
"../../../Engine/Plugins/Editor/SpeedTreeImporter/Content/SpeedTree9/SpeedTreeBillboard.uexp" 811
"../../../Engine/Plugins/Editor/SpeedTreeImporter/Content/SpeedTree9/UnpackDirection.uasset" 812
"../../../Engine/Plugins/Editor/SpeedTreeImporter/Content/SpeedTree9/UnpackDirection.uexp" 813
"../../../Engine/Plugins/Editor/SpeedTreeImporter/Content/SpeedTree9/game_wind_noise.uasset" 814
"../../../Engine/Plugins/Editor/SpeedTreeImporter/Content/SpeedTree9/game_wind_noise.uexp" 815
"../../../Engine/Plugins/Editor/SpeedTreeImporter/Content/SpeedTree9/game_wind_noise.ubulk" 816
"../../../Engine/Content/Functions/Engine_MaterialFunctions02/SafeNormalize.uasset" 817
"../../../Engine/Content/Functions/Engine_MaterialFunctions02/SafeNormalize.uexp" 818
"../../../Engine/Plugins/Editor/SpeedTreeImporter/Content/SpeedTree9/SpeedTreeWindMotion.uasset" 819
"../../../Engine/Plugins/Editor/SpeedTreeImporter/Content/SpeedTree9/SpeedTreeWindMotion.uexp" 820
"../../../Engine/Plugins/Editor/SpeedTreeImporter/Content/SpeedTree9/SpeedTreeBranchMotion.uasset" 821
"../../../Engine/Plugins/Editor/SpeedTreeImporter/Content/SpeedTree9/SpeedTreeBranchMotion.uexp" 822
"../../../Engine/Content/Functions/Engine_MaterialFunctions02/ObjectLocalBounds.uasset" 823
"../../../Engine/Content/Functions/Engine_MaterialFunctions02/ObjectLocalBounds.uexp" 824
"../../../Engine/Content/Functions/Engine_MaterialFunctions02/UVs/BoundingBoxBased_0-1_UVW.uasset" 825
"../../../Engine/Content/Functions/Engine_MaterialFunctions02/UVs/BoundingBoxBased_0-1_UVW.uexp" 826
"../../../Engine/Content/Functions/Engine_MaterialFunctions02/WorldPositionOffset/ObjectScale.uasset" 827
"../../../Engine/Content/Functions/Engine_MaterialFunctions02/WorldPositionOffset/ObjectScale.uexp" 828
"../../../Engine/Plugins/Editor/SpeedTreeImporter/Content/SpeedTree9/SpeedTreeWind.uasset" 829
"../../../Engine/Plugins/Editor/SpeedTreeImporter/Content/SpeedTree9/SpeedTreeWind.uexp" 830
"../../../Engine/Plugins/Editor/SpeedTreeImporter/Content/SpeedTree9/SpeedTreeBillboardMaster.uasset" 831
"../../../Engine/Plugins/Editor/SpeedTreeImporter/Content/SpeedTree9/SpeedTreeBillboardMaster.uexp" 832
"../../../Engine/Plugins/Editor/SpeedTreeImporter/Content/SpeedTree9/SpeedTreeCameraFacing.uasset" 833
"../../../Engine/Plugins/Editor/SpeedTreeImporter/Content/SpeedTree9/SpeedTreeCameraFacing.uexp" 834
"../../../Engine/Plugins/Editor/SpeedTreeImporter/Content/SpeedTree9/SpeedTreeMaster.uasset" 835
"../../../Engine/Plugins/Editor/SpeedTreeImporter/Content/SpeedTree9/SpeedTreeMaster.uexp" 836
"../../../Engine/Content/Maps/Entry_BuiltData.uasset" 837
"../../../Engine/Content/Maps/Entry_BuiltData.uexp" 838
"../../../Engine/Content/Maps/Entry.uexp" 839
"../../../Engine/Content/Maps/Entry.umap" 840
"../../../Engine/Content/MapTemplates/SM_Template_Map_Floor.uasset" 841
"../../../Engine/Content/MapTemplates/SM_Template_Map_Floor.uexp" 842
"../../../Engine/Content/EngineSky/T_Sky_Stars.uasset" 843
"../../../Engine/Content/EngineSky/T_Sky_Stars.uexp" 844
"../../../Engine/Content/EngineSky/T_Sky_Stars.ubulk" 845
"../../../Engine/Content/EngineSky/T_Sky_Clouds_M.uasset" 846
"../../../Engine/Content/EngineSky/T_Sky_Clouds_M.uexp" 847
"../../../Engine/Content/EngineSky/T_Sky_Clouds_M.ubulk" 848
"../../../Engine/Content/EngineSky/T_Sky_Blue.uasset" 849
"../../../Engine/Content/EngineSky/T_Sky_Blue.uexp" 850
"../../../Engine/Content/EngineSky/T_Sky_Blue.ubulk" 851
"../../../Engine/Content/EngineSky/M_Sky_Panning_Clouds2.uasset" 852
"../../../Engine/Content/EngineSky/M_Sky_Panning_Clouds2.uexp" 853
"../../../Engine/Content/Maps/Templates/Template_Default_BuiltData.uasset" 854
"../../../Engine/Content/Maps/Templates/Template_Default_BuiltData.uexp" 855
"../../../Engine/Content/Maps/Templates/Template_Default_BuiltData.ubulk" 856
"../../../Engine/Content/EngineSky/C_Sky_Horizon_Color.uasset" 857
"../../../Engine/Content/EngineSky/C_Sky_Horizon_Color.uexp" 858
"../../../Engine/Content/EngineSky/C_Sky_Cloud_Color.uasset" 859
"../../../Engine/Content/EngineSky/C_Sky_Cloud_Color.uexp" 860
"../../../Engine/Content/EngineSky/C_Sky_Zenith_Color.uasset" 861
"../../../Engine/Content/EngineSky/C_Sky_Zenith_Color.uexp" 862
"../../../Engine/Content/EngineSky/SM_SkySphere.uasset" 863
"../../../Engine/Content/EngineSky/SM_SkySphere.uexp" 864
"../../../Engine/Content/EditorBlueprintResources/StandardMacros.uasset" 865
"../../../Engine/Content/EditorBlueprintResources/StandardMacros.uexp" 866
"../../../Engine/Content/EngineSky/BP_Sky_Sphere.uasset" 867
"../../../Engine/Content/EngineSky/BP_Sky_Sphere.uexp" 868
"../../../Engine/Content/Maps/Templates/Template_Default.uexp" 869
"../../../Engine/Content/Maps/Templates/Template_Default.umap" 870
"/Users/Lewis/Documents/Unreal Projects/HorrorGame/Content/Megascans/Surfaces/Dusty_Floor_Tiles_vhqoaj3/Normal_4K_vhqoaj3.uasset" 871
"/Users/Lewis/Documents/Unreal Projects/HorrorGame/Content/Megascans/Surfaces/Dusty_Floor_Tiles_vhqoaj3/Normal_4K_vhqoaj3.uexp" 872
"/Users/Lewis/Documents/Unreal Projects/HorrorGame/Content/Megascans/Surfaces/Dusty_Floor_Tiles_vhqoaj3/Normal_4K_vhqoaj3.ubulk" 873
"/Users/Lewis/Documents/Unreal Projects/HorrorGame/Content/Megascans/Surfaces/Dusty_Floor_Tiles_vhqoaj3/Albedo_4K_vhqoaj3.uasset" 874
"/Users/Lewis/Documents/Unreal Projects/HorrorGame/Content/Megascans/Surfaces/Dusty_Floor_Tiles_vhqoaj3/Albedo_4K_vhqoaj3.uexp" 875
"/Users/Lewis/Documents/Unreal Projects/HorrorGame/Content/Megascans/Surfaces/Dusty_Floor_Tiles_vhqoaj3/Albedo_4K_vhqoaj3.ubulk" 876
"/Users/Lewis/Documents/Unreal Projects/HorrorGame/Content/Megascans/Surfaces/Dusty_Floor_Tiles_vhqoaj3/Roughness_4K_vhqoaj3.uasset" 877
"/Users/Lewis/Documents/Unreal Projects/HorrorGame/Content/Megascans/Surfaces/Dusty_Floor_Tiles_vhqoaj3/Roughness_4K_vhqoaj3.uexp" 878
"/Users/Lewis/Documents/Unreal Projects/HorrorGame/Content/Megascans/Surfaces/Dusty_Floor_Tiles_vhqoaj3/Roughness_4K_vhqoaj3.ubulk" 879
"../../../Engine/Content/EngineResources/Black.uasset" 880
"../../../Engine/Content/EngineResources/Black.uexp" 881
"/Users/Lewis/Documents/Unreal Projects/HorrorGame/Content/MSPresets/MS_DefaultMaterial/Functions/MF_Transmission.uasset" 882
"/Users/Lewis/Documents/Unreal Projects/HorrorGame/Content/MSPresets/MS_DefaultMaterial/Functions/MF_Transmission.uexp" 883
"../../../Engine/Content/Functions/Engine_MaterialFunctions02/Texturing/CustomRotator.uasset" 884
"../../../Engine/Content/Functions/Engine_MaterialFunctions02/Texturing/CustomRotator.uexp" 885
"/Users/Lewis/Documents/Unreal Projects/HorrorGame/Content/MSPresets/MS_DefaultMaterial/Functions/MF_Tiling.uasset" 886
"/Users/Lewis/Documents/Unreal Projects/HorrorGame/Content/MSPresets/MS_DefaultMaterial/Functions/MF_Tiling.uexp" 887
"../../../Engine/Content/Functions/Engine_MaterialFunctions02/Utility/BlendAngleCorrectedNormals.uasset" 888
"../../../Engine/Content/Functions/Engine_MaterialFunctions02/Utility/BlendAngleCorrectedNormals.uexp" 889
"/Users/Lewis/Documents/Unreal Projects/HorrorGame/Content/MSPresets/MS_DefaultMaterial/Functions/MF_MapAdjustments.uasset" 890
"/Users/Lewis/Documents/Unreal Projects/HorrorGame/Content/MSPresets/MS_DefaultMaterial/Functions/MF_MapAdjustments.uexp" 891
"/Users/Lewis/Documents/Unreal Projects/HorrorGame/Content/MSPresets/MS_DefaultMaterial/Functions/MF_DetailNormalTiling.uasset" 892
"/Users/Lewis/Documents/Unreal Projects/HorrorGame/Content/MSPresets/MS_DefaultMaterial/Functions/MF_DetailNormalTiling.uexp" 893
"../../../Engine/Plugins/2D/Paper2D/Content/PlaceholderTextures/FlatNormalMap.uasset" 894
"../../../Engine/Plugins/2D/Paper2D/Content/PlaceholderTextures/FlatNormalMap.uexp" 895
"/Users/Lewis/Documents/Unreal Projects/HorrorGame/Content/MSPresets/MSTextures/Metalness.uasset" 896
"/Users/Lewis/Documents/Unreal Projects/HorrorGame/Content/MSPresets/MSTextures/Metalness.uexp" 897
"/Users/Lewis/Documents/Unreal Projects/HorrorGame/Content/MSPresets/MSTextures/Metalness.ubulk" 898
"../../../Engine/Content/ArtTools/RenderToTexture/Textures/127grey.uasset" 899
"../../../Engine/Content/ArtTools/RenderToTexture/Textures/127grey.uexp" 900
"../../../Engine/Content/EngineMaterials/DefaultNormal.uasset" 901
"../../../Engine/Content/EngineMaterials/DefaultNormal.uexp" 902
"../../../Engine/Content/EngineMaterials/DefaultNormal.ubulk" 903
"/Users/Lewis/Documents/Unreal Projects/HorrorGame/Content/MSPresets/MS_DefaultMaterial/MS_DefaultMaterial.uasset" 904
"/Users/Lewis/Documents/Unreal Projects/HorrorGame/Content/MSPresets/MS_DefaultMaterial/MS_DefaultMaterial.uexp" 905
"/Users/Lewis/Documents/Unreal Projects/HorrorGame/Content/Megascans/Surfaces/Dusty_Floor_Tiles_vhqoaj3/Dusty_Floor_Tiles_vhqoaj3_inst.uasset" 906
"/Users/Lewis/Documents/Unreal Projects/HorrorGame/Content/Megascans/Surfaces/Dusty_Floor_Tiles_vhqoaj3/Dusty_Floor_Tiles_vhqoaj3_inst.uexp" 907
"/Users/Lewis/Documents/Unreal Projects/HorrorGame/Content/Assets/Floor.uasset" 908
"/Users/Lewis/Documents/Unreal Projects/HorrorGame/Content/Assets/Floor.uexp" 909
"/Users/Lewis/Documents/Unreal Projects/HorrorGame/Content/Assets/SVGMat_005.uasset" 910
"/Users/Lewis/Documents/Unreal Projects/HorrorGame/Content/Assets/SVGMat_005.uexp" 911
"/Users/Lewis/Documents/Unreal Projects/HorrorGame/Content/Assets/Building2.uasset" 912
"/Users/Lewis/Documents/Unreal Projects/HorrorGame/Content/Assets/Building2.uexp" 913
"/Users/Lewis/Documents/Unreal Projects/HorrorGame/Content/Map/HorrorMap-LS_BuiltData.uasset" 914
"/Users/Lewis/Documents/Unreal Projects/HorrorGame/Content/Map/HorrorMap-LS_BuiltData.uexp" 915
"/Users/Lewis/Documents/Unreal Projects/HorrorGame/Content/Map/HorrorMap-LS_BuiltData.ubulk" 916
"/Users/Lewis/Documents/Unreal Projects/HorrorGame/Content/Megascans/Surfaces/Dried_Grass_on_Soil_vbnldgvn/Roughness_4K_vbnldgvn.uasset" 917
"/Users/Lewis/Documents/Unreal Projects/HorrorGame/Content/Megascans/Surfaces/Dried_Grass_on_Soil_vbnldgvn/Roughness_4K_vbnldgvn.uexp" 918
"/Users/Lewis/Documents/Unreal Projects/HorrorGame/Content/Megascans/Surfaces/Dried_Grass_on_Soil_vbnldgvn/Roughness_4K_vbnldgvn.ubulk" 919
"/Users/Lewis/Documents/Unreal Projects/HorrorGame/Content/Megascans/Surfaces/Dried_Grass_on_Soil_vbnldgvn/Normal_4K_vbnldgvn.uasset" 920
"/Users/Lewis/Documents/Unreal Projects/HorrorGame/Content/Megascans/Surfaces/Dried_Grass_on_Soil_vbnldgvn/Normal_4K_vbnldgvn.uexp" 921
"/Users/Lewis/Documents/Unreal Projects/HorrorGame/Content/Megascans/Surfaces/Dried_Grass_on_Soil_vbnldgvn/Normal_4K_vbnldgvn.ubulk" 922
"/Users/Lewis/Documents/Unreal Projects/HorrorGame/Content/Megascans/Surfaces/Dried_Grass_on_Soil_vbnldgvn/Albedo_4K_vbnldgvn.uasset" 923
"/Users/Lewis/Documents/Unreal Projects/HorrorGame/Content/Megascans/Surfaces/Dried_Grass_on_Soil_vbnldgvn/Albedo_4K_vbnldgvn.uexp" 924
"/Users/Lewis/Documents/Unreal Projects/HorrorGame/Content/Megascans/Surfaces/Dried_Grass_on_Soil_vbnldgvn/Albedo_4K_vbnldgvn.ubulk" 925
"/Users/Lewis/Documents/Unreal Projects/HorrorGame/Content/Megascans/Surfaces/Dried_Grass_on_Soil_vbnldgvn/Dried_Grass_on_Soil_vbnldgvn_inst.uasset" 926
"/Users/Lewis/Documents/Unreal Projects/HorrorGame/Content/Megascans/Surfaces/Dried_Grass_on_Soil_vbnldgvn/Dried_Grass_on_Soil_vbnldgvn_inst.uexp" 927
"/Users/Lewis/Documents/Unreal Projects/HorrorGame/Content/Megascans/Surfaces/Old_Concrete_Floor_viftbih/Roughness_4K_viftbih.uasset" 928
"/Users/Lewis/Documents/Unreal Projects/HorrorGame/Content/Megascans/Surfaces/Old_Concrete_Floor_viftbih/Roughness_4K_viftbih.uexp" 929
"/Users/Lewis/Documents/Unreal Projects/HorrorGame/Content/Megascans/Surfaces/Old_Concrete_Floor_viftbih/Roughness_4K_viftbih.ubulk" 930
"/Users/Lewis/Documents/Unreal Projects/HorrorGame/Content/Megascans/Surfaces/Old_Concrete_Floor_viftbih/Albedo_4K_viftbih.uasset" 931
"/Users/Lewis/Documents/Unreal Projects/HorrorGame/Content/Megascans/Surfaces/Old_Concrete_Floor_viftbih/Albedo_4K_viftbih.uexp" 932
"/Users/Lewis/Documents/Unreal Projects/HorrorGame/Content/Megascans/Surfaces/Old_Concrete_Floor_viftbih/Albedo_4K_viftbih.ubulk" 933
"/Users/Lewis/Documents/Unreal Projects/HorrorGame/Content/Megascans/Surfaces/Old_Concrete_Floor_viftbih/Displacement_4K_viftbih.uasset" 934
"/Users/Lewis/Documents/Unreal Projects/HorrorGame/Content/Megascans/Surfaces/Old_Concrete_Floor_viftbih/Displacement_4K_viftbih.uexp" 935
"/Users/Lewis/Documents/Unreal Projects/HorrorGame/Content/Megascans/Surfaces/Old_Concrete_Floor_viftbih/Displacement_4K_viftbih.ubulk" 936
"/Users/Lewis/Documents/Unreal Projects/HorrorGame/Content/Megascans/Surfaces/Old_Concrete_Floor_viftbih/Normal_4K_viftbih.uasset" 937
"/Users/Lewis/Documents/Unreal Projects/HorrorGame/Content/Megascans/Surfaces/Old_Concrete_Floor_viftbih/Normal_4K_viftbih.uexp" 938
"/Users/Lewis/Documents/Unreal Projects/HorrorGame/Content/Megascans/Surfaces/Old_Concrete_Floor_viftbih/Normal_4K_viftbih.ubulk" 939
"/Users/Lewis/Documents/Unreal Projects/HorrorGame/Content/MSPresets/MS_DefaultMaterial_Displacement/Functions/MF_Transmission.uasset" 940
"/Users/Lewis/Documents/Unreal Projects/HorrorGame/Content/MSPresets/MS_DefaultMaterial_Displacement/Functions/MF_Transmission.uexp" 941
"/Users/Lewis/Documents/Unreal Projects/HorrorGame/Content/MSPresets/MS_DefaultMaterial_Displacement/Functions/MF_Tiling.uasset" 942
"/Users/Lewis/Documents/Unreal Projects/HorrorGame/Content/MSPresets/MS_DefaultMaterial_Displacement/Functions/MF_Tiling.uexp" 943
"/Users/Lewis/Documents/Unreal Projects/HorrorGame/Content/MSPresets/MS_DefaultMaterial_Displacement/Functions/MF_MapAdjustments.uasset" 944
"/Users/Lewis/Documents/Unreal Projects/HorrorGame/Content/MSPresets/MS_DefaultMaterial_Displacement/Functions/MF_MapAdjustments.uexp" 945
"/Users/Lewis/Documents/Unreal Projects/HorrorGame/Content/MSPresets/MS_DefaultMaterial_Displacement/Functions/MF_Displacement.uasset" 946
"/Users/Lewis/Documents/Unreal Projects/HorrorGame/Content/MSPresets/MS_DefaultMaterial_Displacement/Functions/MF_Displacement.uexp" 947
"/Users/Lewis/Documents/Unreal Projects/HorrorGame/Content/MSPresets/MS_DefaultMaterial_Displacement/Functions/MF_DetailNormalTiling.uasset" 948
"/Users/Lewis/Documents/Unreal Projects/HorrorGame/Content/MSPresets/MS_DefaultMaterial_Displacement/Functions/MF_DetailNormalTiling.uexp" 949
"/Users/Lewis/Documents/Unreal Projects/HorrorGame/Content/MSPresets/MS_DefaultMaterial_Displacement/MS_DefaultMaterial_Displacement.uasset" 950
"/Users/Lewis/Documents/Unreal Projects/HorrorGame/Content/MSPresets/MS_DefaultMaterial_Displacement/MS_DefaultMaterial_Displacement.uexp" 951
"/Users/Lewis/Documents/Unreal Projects/HorrorGame/Content/Megascans/Surfaces/Old_Concrete_Floor_viftbih/Old_Concrete_Floor_viftbih_inst.uasset" 952
"/Users/Lewis/Documents/Unreal Projects/HorrorGame/Content/Megascans/Surfaces/Old_Concrete_Floor_viftbih/Old_Concrete_Floor_viftbih_inst.uexp" 953
"/Users/Lewis/Documents/Unreal Projects/HorrorGame/Content/Map/HorrorMap-LS.uexp" 954
"/Users/Lewis/Documents/Unreal Projects/HorrorGame/Content/Map/HorrorMap-LS.ubulk" 955
"/Users/Lewis/Documents/Unreal Projects/HorrorGame/Content/Map/HorrorMap-LS.umap" 956
